Log file open, 03/23/19 15:41:35
LogWindows: Failed to load 'aqProf.dll' (GetLastError=126)
LogWindows: File 'aqProf.dll' does not exist
LogWindows: Failed to load 'VtuneApi.dll' (GetLastError=126)
LogWindows: File 'VtuneApi.dll' does not exist
LogWindows: Failed to load 'VtuneApi32e.dll' (GetLastError=126)
LogWindows: File 'VtuneApi32e.dll' does not exist
LogConsoleResponse: Display: Failed to find resolution value strings in scalability ini. Falling back to default.
LogInit: Display: Running engine for game: Elerproject
LogPakFile: Registered encryption key '00000000000000000000000000000000': 0 pak files mounted, 0 remain pending
LogPlatformFile: Not using cached read wrapper
LogTaskGraph: Started task graph with 5 named threads and 11 total threads with 3 sets of task threads.
LogStats: Stats thread started at 0.216959
LogD3D11RHI: Loaded GFSDK_Aftermath_Lib.x64.dll
LogICUInternationalization: ICU TimeZone Detection - Raw Offset: +3:00, Platform Override: ''
LogPluginManager: Mounting plugin Paper2D
LogPluginManager: Mounting plugin AISupport
LogPluginManager: Mounting plugin LightPropagationVolume
LogPluginManager: Mounting plugin ActorLayerUtilities
LogPluginManager: Mounting plugin CLionSourceCodeAccess
LogPluginManager: Mounting plugin CodeLiteSourceCodeAccess
LogPluginManager: Mounting plugin GitSourceControl
LogPluginManager: Mounting plugin KDevelopSourceCodeAccess
LogPluginManager: Mounting plugin NullSourceCodeAccess
LogPluginManager: Mounting plugin PerforceSourceControl
LogPluginManager: Mounting plugin SubversionSourceControl
LogPluginManager: Mounting plugin UObjectPlugin
LogPluginManager: Mounting plugin VisualStudioCodeSourceCodeAccess
LogPluginManager: Mounting plugin VisualStudioSourceCodeAccess
LogPluginManager: Mounting plugin XCodeSourceCodeAccess
LogPluginManager: Mounting plugin AssetManagerEditor
LogPluginManager: Mounting plugin CryptoKeys
LogPluginManager: Mounting plugin DataValidation
LogPluginManager: Mounting plugin FacialAnimation
LogPluginManager: Mounting plugin GameplayTagsEditor
LogPluginManager: Mounting plugin MacGraphicsSwitching
LogPluginManager: Mounting plugin MeshEditor
LogPluginManager: Mounting plugin MobileLauncherProfileWizard
LogPluginManager: Mounting plugin PluginBrowser
LogPluginManager: Mounting plugin SpeedTreeImporter
LogPluginManager: Mounting plugin DatasmithContent
LogPluginManager: Mounting plugin VariantManagerContent
LogPluginManager: Mounting plugin AlembicImporter
LogPluginManager: Mounting plugin AppleImageUtils
LogPluginManager: Mounting plugin AppleVision
LogPluginManager: Mounting plugin BackChannel
LogPluginManager: Mounting plugin CharacterAI
LogPluginManager: Mounting plugin GeometryCache
LogPluginManager: Mounting plugin HTML5Networking
LogPluginManager: Mounting plugin ProxyLODPlugin
LogPluginManager: Mounting plugin MagicLeap
LogPluginManager: Mounting plugin MagicLeapMedia
LogPluginManager: Mounting plugin AndroidMedia
LogPluginManager: Mounting plugin AvfMedia
LogPluginManager: Mounting plugin ImgMedia
LogPluginManager: Mounting plugin LinearTimecode
LogPluginManager: Mounting plugin MediaCompositing
LogPluginManager: Mounting plugin MediaPlayerEditor
LogPluginManager: Mounting plugin WebMMedia
LogPluginManager: Mounting plugin WmfMedia
LogPluginManager: Mounting plugin TcpMessaging
LogPluginManager: Mounting plugin UdpMessaging
LogPluginManager: Mounting plugin ActorSequence
LogPluginManager: Mounting plugin LevelSequenceEditor
LogPluginManager: Mounting plugin MatineeToLevelSequence
LogPluginManager: Mounting plugin NetcodeUnitTest
LogPluginManager: Mounting plugin NUTUnrealEngine4
LogPluginManager: Mounting plugin OnlineSubsystemGooglePlay
LogPluginManager: Mounting plugin OnlineSubsystemIOS
LogPluginManager: Mounting plugin OnlineSubsystem
LogPluginManager: Mounting plugin OnlineSubsystemNull
LogPluginManager: Mounting plugin OnlineSubsystemUtils
LogPluginManager: Mounting plugin LauncherChunkInstaller
LogPluginManager: Mounting plugin AndroidDeviceProfileSelector
LogPluginManager: Mounting plugin AndroidMoviePlayer
LogPluginManager: Mounting plugin AndroidPermission
LogPluginManager: Mounting plugin AppleMoviePlayer
LogPluginManager: Mounting plugin ArchVisCharacter
LogPluginManager: Mounting plugin AudioCapture
LogPluginManager: Mounting plugin CableComponent
LogPluginManager: Mounting plugin CustomMeshComponent
LogPluginManager: Mounting plugin EditableMesh
LogPluginManager: Mounting plugin ExampleDeviceProfileSelector
LogPluginManager: Mounting plugin Firebase
LogPluginManager: Mounting plugin GoogleCloudMessaging
LogPluginManager: Mounting plugin IOSDeviceProfileSelector
LogPluginManager: Mounting plugin LinuxDeviceProfileSelector
LogPluginManager: Mounting plugin LocationServicesBPLibrary
LogPluginManager: Mounting plugin MobilePatchingUtils
LogPluginManager: Mounting plugin OculusVR
LogPluginManager: Mounting plugin PhysXVehicles
LogPluginManager: Mounting plugin ProceduralMeshComponent
LogPluginManager: Mounting plugin RuntimePhysXCooking
LogPluginManager: Mounting plugin SteamVR
LogPluginManager: Mounting plugin WebMMoviePlayer
LogPluginManager: Mounting plugin WindowsMoviePlayer
LogStreaming: Display: Took  0.189s to configure plugins.
LogInit: Using libcurl 7.55.1-DEV
LogInit:  - built for x86_64-pc-win32
LogInit:  - supports SSL with OpenSSL/1.0.2h
LogInit:  - supports HTTP deflate (compression) using libz 1.2.8
LogInit:  - other features:
LogInit:      CURL_VERSION_SSL
LogInit:      CURL_VERSION_LIBZ
LogInit:      CURL_VERSION_IPV6
LogInit:      CURL_VERSION_ASYNCHDNS
LogInit:      CURL_VERSION_LARGEFILE
LogInit:      CURL_VERSION_IDN
LogInit:  CurlRequestOptions (configurable via config and command line):
LogInit:  - bVerifyPeer = true  - Libcurl will verify peer certificate
LogInit:  - bUseHttpProxy = false  - Libcurl will NOT use HTTP proxy
LogInit:  - bDontReuseConnections = false  - Libcurl will reuse connections
LogInit:  - MaxHostConnections = 16  - Libcurl will limit the number of connections to a host
LogInit:  - LocalHostAddr = Default
LogInit:  - BufferSize = 65536
LogInit: WinSock: version 1.1 (2.2), MaxSocks=32767, MaxUdp=65467
LogInit: Build: ++UE4+Release-4.21-CL-4753647
LogInit: Engine Version: 4.21.2-4753647+++UE4+Release-4.21
LogInit: Compatible Engine Version: 4.21.0-4541578+++UE4+Release-4.21
LogInit: Net CL: 4541578
LogInit: OS: Windows 10 (), CPU: Intel(R) Core(TM) i3-6006U CPU @ 2.00GHz, GPU: Intel(R) HD Graphics 520
LogInit: Compiled (64-bit): Jan 19 2019 02:07:31
LogInit: Compiled with Visual C++: 19.13.26129.00
LogInit: Build Configuration: Development
LogInit: Branch Name: ++UE4+Release-4.21
LogInit: Command Line: 
LogInit: Base Directory: D:/epic game/UE_4.21/Engine/Binaries/Win64/
LogInit: Installed Engine Build: 1
LogDevObjectVersion: Number of dev versions registered: 22
LogDevObjectVersion:   Dev-Blueprints (B0D832E4-1F89-4F0D-ACCF-7EB736FD4AA2): 10
LogDevObjectVersion:   Dev-Build (E1C64328-A22C-4D53-A36C-8E866417BD8C): 0
LogDevObjectVersion:   Dev-Core (375EC13C-06E4-48FB-B500-84F0262A717E): 2
LogDevObjectVersion:   Dev-Editor (E4B068ED-F494-42E9-A231-DA0B2E46BB41): 26
LogDevObjectVersion:   Dev-Framework (CFFC743F-43B0-4480-9391-14DF171D2073): 34
LogDevObjectVersion:   Dev-Mobile (B02B49B5-BB20-44E9-A304-32B752E40360): 2
LogDevObjectVersion:   Dev-Networking (A4E4105C-59A1-49B5-A7C5-40C4547EDFEE): 0
LogDevObjectVersion:   Dev-Online (39C831C9-5AE6-47DC-9A44-9C173E1C8E7C): 0
LogDevObjectVersion:   Dev-Physics (78F01B33-EBEA-4F98-B9B4-84EACCB95AA2): 0
LogDevObjectVersion:   Dev-Platform (6631380F-2D4D-43E0-8009-CF276956A95A): 0
LogDevObjectVersion:   Dev-Rendering (12F88B9F-8875-4AFC-A67C-D90C383ABD29): 27
LogDevObjectVersion:   Dev-Sequencer (7B5AE74C-D270-4C10-A958-57980B212A5A): 9
LogDevObjectVersion:   Dev-VR (D7296918-1DD6-4BDD-9DE2-64A83CC13884): 2
LogDevObjectVersion:   Dev-LoadTimes (C2A15278-BFE7-4AFE-6C17-90FF531DF755): 1
LogDevObjectVersion:   Private-Geometry (6EACA3D4-40EC-4CC1-B786-8BED09428FC5): 3
LogDevObjectVersion:   Dev-AnimPhys (29E575DD-E0A3-4627-9D10-D276232CDCEA): 17
LogDevObjectVersion:   Dev-Anim (AF43A65D-7FD3-4947-9873-3E8ED9C1BB05): 2
LogDevObjectVersion:   Dev-ReflectionCapture (6B266CEC-1EC7-4B8F-A30B-E4D90942FC07): 1
LogDevObjectVersion:   Dev-Automation (0DF73D61-A23F-47EA-B727-89E90C41499A): 1
LogDevObjectVersion:   FortniteMain (601D1886-AC64-4F84-AA16-D3DE0DEAC7D6): 17
LogDevObjectVersion:   Dev-Enterprise (9DFFBCD6-494F-0158-E221-12823C92A888): 4
LogDevObjectVersion:   Dev-Niagara (F2AED0AC-9AFE-416F-8664-AA7FFA26D6FC): 1
LogStreaming: Display: Took  0.000s to delete old logs.
LogInit: Presizing for max 8388607 objects, including 0 objects not considered by GC, pre-allocating 0 bytes for permanent pool.
LogInit: Object subsystem initialized
LogConfig: Setting CVar [[con.DebugEarlyDefault:1]]
LogConfig: Setting CVar [[r.setres:1280x720]]
[2019.03.23-12.41.36:243][  0]LogConfig: Setting CVar [[r.VSync:0]]
[2019.03.23-12.41.36:243][  0]LogConfig: Setting CVar [[r.RHICmdBypass:0]]
[2019.03.23-12.41.36:243][  0]LogConfig: Applying CVar settings from Section [/Script/Engine.RendererSettings] File [C:/Users/krasn/Documents/Unreal Projects/Elerproject/Saved/Config/Windows/Engine.ini]
[2019.03.23-12.41.36:243][  0]LogConfig: Setting CVar [[r.GPUCrashDebugging:0]]
[2019.03.23-12.41.36:243][  0]LogConfig: Applying CVar settings from Section [/Script/Engine.RendererOverrideSettings] File [C:/Users/krasn/Documents/Unreal Projects/Elerproject/Saved/Config/Windows/Engine.ini]
[2019.03.23-12.41.36:243][  0]LogConfig: Applying CVar settings from Section [/Script/Engine.StreamingSettings] File [C:/Users/krasn/Documents/Unreal Projects/Elerproject/Saved/Config/Windows/Engine.ini]
[2019.03.23-12.41.36:243][  0]LogConfig: Setting CVar [[s.MinBulkDataSizeForAsyncLoading:131072]]
[2019.03.23-12.41.36:243][  0]LogConfig: Setting CVar [[s.AsyncLoadingThreadEnabled:0]]
[2019.03.23-12.41.36:243][  0]LogConfig: Setting CVar [[s.EventDrivenLoaderEnabled:1]]
[2019.03.23-12.41.36:243][  0]LogConfig: Setting CVar [[s.WarnIfTimeLimitExceeded:0]]
[2019.03.23-12.41.36:243][  0]LogConfig: Setting CVar [[s.TimeLimitExceededMultiplier:1.5]]
[2019.03.23-12.41.36:243][  0]LogConfig: Setting CVar [[s.TimeLimitExceededMinTime:0.005]]
[2019.03.23-12.41.36:243][  0]LogConfig: Setting CVar [[s.UseBackgroundLevelStreaming:1]]
[2019.03.23-12.41.36:243][  0]LogConfig: Setting CVar [[s.PriorityAsyncLoadingExtraTime:15.0]]
[2019.03.23-12.41.36:243][  0]LogConfig: Setting CVar [[s.LevelStreamingActorsUpdateTimeLimit:5.0]]
[2019.03.23-12.41.36:243][  0]LogConfig: Setting CVar [[s.PriorityLevelStreamingActorsUpdateExtraTime:5.0]]
[2019.03.23-12.41.36:243][  0]LogConfig: Setting CVar [[s.LevelStreamingComponentsRegistrationGranularity:10]]
[2019.03.23-12.41.36:243][  0]LogConfig: Setting CVar [[s.UnregisterComponentsTimeLimit:1.0]]
[2019.03.23-12.41.36:243][  0]LogConfig: Setting CVar [[s.LevelStreamingComponentsUnregistrationGranularity:5]]
[2019.03.23-12.41.36:243][  0]LogConfig: Applying CVar settings from Section [/Script/Engine.GarbageCollectionSettings] File [C:/Users/krasn/Documents/Unreal Projects/Elerproject/Saved/Config/Windows/Engine.ini]
[2019.03.23-12.41.36:243][  0]LogConfig: Setting CVar [[gc.MaxObjectsNotConsideredByGC:1]]
[2019.03.23-12.41.36:243][  0]LogConfig: Setting CVar [[gc.SizeOfPermanentObjectPool:0]]
[2019.03.23-12.41.36:243][  0]LogConfig: Setting CVar [[gc.FlushStreamingOnGC:0]]
[2019.03.23-12.41.36:244][  0]LogConfig: Setting CVar [[gc.NumRetriesBeforeForcingGC:10]]
[2019.03.23-12.41.36:244][  0]LogConfig: Setting CVar [[gc.AllowParallelGC:1]]
[2019.03.23-12.41.36:244][  0]LogConfig: Setting CVar [[gc.TimeBetweenPurgingPendingKillObjects:61.1]]
[2019.03.23-12.41.36:244][  0]LogConfig: Setting CVar [[gc.MaxObjectsInEditor:8388607]]
[2019.03.23-12.41.36:244][  0]LogConfig: Setting CVar [[gc.IncrementalBeginDestroyEnabled:1]]
[2019.03.23-12.41.36:244][  0]LogConfig: Setting CVar [[gc.CreateGCClusters:1]]
[2019.03.23-12.41.36:244][  0]LogConfig: Setting CVar [[gc.MergeGCClusters:0]]
[2019.03.23-12.41.36:244][  0]LogConfig: Setting CVar [[gc.MinGCClusterSize:5]]
[2019.03.23-12.41.36:244][  0]LogConfig: Setting CVar [[gc.ActorClusteringEnabled:0]]
[2019.03.23-12.41.36:244][  0]LogConfig: Setting CVar [[gc.BlueprintClusteringEnabled:0]]
[2019.03.23-12.41.36:244][  0]LogConfig: Setting CVar [[gc.UseDisregardForGCOnDedicatedServers:0]]
[2019.03.23-12.41.36:244][  0]LogConfig: Applying CVar settings from Section [/Script/Engine.NetworkSettings] File [C:/Users/krasn/Documents/Unreal Projects/Elerproject/Saved/Config/Windows/Engine.ini]
[2019.03.23-12.41.36:244][  0]LogConfig: Applying CVar settings from Section [/Script/UnrealEd.CookerSettings] File [C:/Users/krasn/Documents/Unreal Projects/Elerproject/Saved/Config/Windows/Engine.ini]
[2019.03.23-12.41.36:248][  0]LogConfig: Applying CVar settings from Section [ViewDistanceQuality@3] File [C:/Users/krasn/Documents/Unreal Projects/Elerproject/Saved/Config/Windows/Scalability.ini]
[2019.03.23-12.41.36:248][  0]LogConfig: Setting CVar [[r.SkeletalMeshLODBias:0]]
[2019.03.23-12.41.36:248][  0]LogConfig: Setting CVar [[r.ViewDistanceScale:1.0]]
[2019.03.23-12.41.36:248][  0]LogConfig: Applying CVar settings from Section [AntiAliasingQuality@3] File [C:/Users/krasn/Documents/Unreal Projects/Elerproject/Saved/Config/Windows/Scalability.ini]
[2019.03.23-12.41.36:248][  0]LogConfig: Setting CVar [[r.PostProcessAAQuality:4]]
[2019.03.23-12.41.36:248][  0]LogConfig: Applying CVar settings from Section [ShadowQuality@3] File [C:/Users/krasn/Documents/Unreal Projects/Elerproject/Saved/Config/Windows/Scalability.ini]
[2019.03.23-12.41.36:248][  0]LogConfig: Setting CVar [[r.LightFunctionQuality:1]]
[2019.03.23-12.41.36:248][  0]LogConfig: Setting CVar [[r.ShadowQuality:5]]
[2019.03.23-12.41.36:248][  0]LogConfig: Setting CVar [[r.Shadow.CSM.MaxCascades:10]]
[2019.03.23-12.41.36:248][  0]LogConfig: Setting CVar [[r.Shadow.MaxResolution:2048]]
[2019.03.23-12.41.36:248][  0]LogConfig: Setting CVar [[r.Shadow.MaxCSMResolution:2048]]
[2019.03.23-12.41.36:248][  0]LogConfig: Setting CVar [[r.Shadow.RadiusThreshold:0.01]]
[2019.03.23-12.41.36:248][  0]LogConfig: Setting CVar [[r.Shadow.DistanceScale:1.0]]
[2019.03.23-12.41.36:248][  0]LogConfig: Setting CVar [[r.Shadow.CSM.TransitionScale:1.0]]
[2019.03.23-12.41.36:248][  0]LogConfig: Setting CVar [[r.Shadow.PreShadowResolutionFactor:1.0]]
[2019.03.23-12.41.36:248][  0]LogConfig: Setting CVar [[r.DistanceFieldShadowing:1]]
[2019.03.23-12.41.36:248][  0]LogConfig: Setting CVar [[r.DistanceFieldAO:1]]
[2019.03.23-12.41.36:248][  0]LogConfig: Setting CVar [[r.AOQuality:2]]
[2019.03.23-12.41.36:249][  0]LogConfig: Setting CVar [[r.VolumetricFog:1]]
[2019.03.23-12.41.36:249][  0]LogConfig: Setting CVar [[r.VolumetricFog.GridPixelSize:8]]
[2019.03.23-12.41.36:249][  0]LogConfig: Setting CVar [[r.VolumetricFog.GridSizeZ:128]]
[2019.03.23-12.41.36:249][  0]LogConfig: Setting CVar [[r.VolumetricFog.HistoryMissSupersampleCount:4]]
[2019.03.23-12.41.36:249][  0]LogConfig: Setting CVar [[r.LightMaxDrawDistanceScale:1]]
[2019.03.23-12.41.36:249][  0]LogConfig: Setting CVar [[r.CapsuleShadows:1]]
[2019.03.23-12.41.36:249][  0]LogConfig: Applying CVar settings from Section [PostProcessQuality@3] File [C:/Users/krasn/Documents/Unreal Projects/Elerproject/Saved/Config/Windows/Scalability.ini]
[2019.03.23-12.41.36:249][  0]LogConfig: Setting CVar [[r.MotionBlurQuality:4]]
[2019.03.23-12.41.36:249][  0]LogConfig: Setting CVar [[r.AmbientOcclusionMipLevelFactor:0.4]]
[2019.03.23-12.41.36:249][  0]LogConfig: Setting CVar [[r.AmbientOcclusionMaxQuality:100]]
[2019.03.23-12.41.36:249][  0]LogConfig: Setting CVar [[r.AmbientOcclusionLevels:-1]]
[2019.03.23-12.41.36:249][  0]LogConfig: Setting CVar [[r.AmbientOcclusionRadiusScale:1.0]]
[2019.03.23-12.41.36:249][  0]LogConfig: Setting CVar [[r.DepthOfFieldQuality:2]]
[2019.03.23-12.41.36:249][  0]LogConfig: Setting CVar [[r.RenderTargetPoolMin:400]]
[2019.03.23-12.41.36:249][  0]LogConfig: Setting CVar [[r.LensFlareQuality:2]]
[2019.03.23-12.41.36:249][  0]LogConfig: Setting CVar [[r.SceneColorFringeQuality:1]]
[2019.03.23-12.41.36:249][  0]LogConfig: Setting CVar [[r.EyeAdaptationQuality:2]]
[2019.03.23-12.41.36:249][  0]LogConfig: Setting CVar [[r.BloomQuality:5]]
[2019.03.23-12.41.36:249][  0]LogConfig: Setting CVar [[r.FastBlurThreshold:100]]
[2019.03.23-12.41.36:249][  0]LogConfig: Setting CVar [[r.Upscale.Quality:3]]
[2019.03.23-12.41.36:250][  0]LogConfig: Setting CVar [[r.Tonemapper.GrainQuantization:1]]
[2019.03.23-12.41.36:250][  0]LogConfig: Setting CVar [[r.LightShaftQuality:1]]
[2019.03.23-12.41.36:250][  0]LogConfig: Setting CVar [[r.Filter.SizeScale:1]]
[2019.03.23-12.41.36:250][  0]LogConfig: Setting CVar [[r.Tonemapper.Quality:5]]
[2019.03.23-12.41.36:250][  0]LogConfig: Setting CVar [[r.DOF.Gather.AccumulatorQuality:1        ; higher gathering accumulator quality]]
[2019.03.23-12.41.36:250][  0]LogConfig: Setting CVar [[r.DOF.Gather.PostfilterMethod:1          ; Median3x3 postfilering method]]
[2019.03.23-12.41.36:250][  0]LogConfig: Setting CVar [[r.DOF.Gather.EnableBokehSettings:0       ; no bokeh simulation when gathering]]
[2019.03.23-12.41.36:250][  0]LogConfig: Setting CVar [[r.DOF.Gather.RingCount:4                 ; medium number of samples when gathering]]
[2019.03.23-12.41.36:250][  0]LogConfig: Setting CVar [[r.DOF.Scatter.ForegroundCompositing:1    ; additive foreground scattering]]
[2019.03.23-12.41.36:250][  0]LogConfig: Setting CVar [[r.DOF.Scatter.BackgroundCompositing:2    ; additive background scattering]]
[2019.03.23-12.41.36:250][  0]LogConfig: Setting CVar [[r.DOF.Scatter.EnableBokehSettings:1      ; bokeh simulation when scattering]]
[2019.03.23-12.41.36:250][  0]LogConfig: Setting CVar [[r.DOF.Scatter.MaxSpriteRatio:0.1         ; only a maximum of 10% of scattered bokeh]]
[2019.03.23-12.41.36:250][  0]LogConfig: Setting CVar [[r.DOF.Recombine.Quality:1                ; cheap slight out of focus]]
[2019.03.23-12.41.36:250][  0]LogConfig: Setting CVar [[r.DOF.Recombine.EnableBokehSettings:0    ; no bokeh simulation on slight out of focus]]
[2019.03.23-12.41.36:250][  0]LogConfig: Setting CVar [[r.DOF.TemporalAAQuality:1                ; more stable temporal accumulation]]
[2019.03.23-12.41.36:250][  0]LogConfig: Setting CVar [[r.DOF.Kernel.MaxForegroundRadius:0.025]]
[2019.03.23-12.41.36:250][  0]LogConfig: Setting CVar [[r.DOF.Kernel.MaxBackgroundRadius:0.025]]
[2019.03.23-12.41.36:250][  0]LogConfig: Applying CVar settings from Section [TextureQuality@3] File [C:/Users/krasn/Documents/Unreal Projects/Elerproject/Saved/Config/Windows/Scalability.ini]
[2019.03.23-12.41.36:250][  0]LogConfig: Setting CVar [[r.Streaming.MipBias:0]]
[2019.03.23-12.41.36:250][  0]LogConfig: Setting CVar [[r.Streaming.AmortizeCPUToGPUCopy:0]]
[2019.03.23-12.41.36:250][  0]LogConfig: Setting CVar [[r.Streaming.MaxNumTexturesToStreamPerFrame:0]]
[2019.03.23-12.41.36:250][  0]LogConfig: Setting CVar [[r.Streaming.Boost:1]]
[2019.03.23-12.41.36:250][  0]LogConfig: Setting CVar [[r.MaxAnisotropy:8]]
[2019.03.23-12.41.36:250][  0]LogConfig: Setting CVar [[r.Streaming.LimitPoolSizeToVRAM:0]]
[2019.03.23-12.41.36:250][  0]LogConfig: Setting CVar [[r.Streaming.PoolSize:1000]]
[2019.03.23-12.41.36:250][  0]LogConfig: Setting CVar [[r.Streaming.MaxEffectiveScreenSize:0]]
[2019.03.23-12.41.36:250][  0]LogConfig: Applying CVar settings from Section [EffectsQuality@3] File [C:/Users/krasn/Documents/Unreal Projects/Elerproject/Saved/Config/Windows/Scalability.ini]
[2019.03.23-12.41.36:250][  0]LogConfig: Setting CVar [[r.TranslucencyLightingVolumeDim:64]]
[2019.03.23-12.41.36:250][  0]LogConfig: Setting CVar [[r.RefractionQuality:2]]
[2019.03.23-12.41.36:250][  0]LogConfig: Setting CVar [[r.SSR.Quality:3]]
[2019.03.23-12.41.36:250][  0]LogConfig: Setting CVar [[r.SceneColorFormat:4]]
[2019.03.23-12.41.36:250][  0]LogConfig: Setting CVar [[r.DetailMode:2]]
[2019.03.23-12.41.36:250][  0]LogConfig: Setting CVar [[r.TranslucencyVolumeBlur:1]]
[2019.03.23-12.41.36:250][  0]LogConfig: Setting CVar [[r.MaterialQualityLevel:1 ; High quality]]
[2019.03.23-12.41.36:250][  0]LogConfig: Setting CVar [[r.SSS.Scale:1]]
[2019.03.23-12.41.36:250][  0]LogConfig: Setting CVar [[r.SSS.SampleSet:2]]
[2019.03.23-12.41.36:250][  0]LogConfig: Setting CVar [[r.SSS.Quality:1]]
[2019.03.23-12.41.36:250][  0]LogConfig: Setting CVar [[r.SSS.HalfRes:1]]
[2019.03.23-12.41.36:250][  0]LogConfig: Setting CVar [[r.EmitterSpawnRateScale:1.0]]
[2019.03.23-12.41.36:250][  0]LogConfig: Setting CVar [[r.ParticleLightQuality:2]]
[2019.03.23-12.41.36:251][  0]LogConfig: Applying CVar settings from Section [FoliageQuality@3] File [C:/Users/krasn/Documents/Unreal Projects/Elerproject/Saved/Config/Windows/Scalability.ini]
[2019.03.23-12.41.36:251][  0]LogConfig: Setting CVar [[foliage.DensityScale:1.0]]
[2019.03.23-12.41.36:251][  0]LogConfig: Setting CVar [[grass.DensityScale:1.0]]
[2019.03.23-12.41.36:251][  0]LogInit: Selected Device Profile: [Windows]
[2019.03.23-12.41.36:251][  0]LogInit: Applying CVar settings loaded from the selected device profile: [Windows]
[2019.03.23-12.41.36:269][  0]LogHAL: Display: Platform has ~ 4 GB [4166225920 / 4294967296 / 4], which maps to Smallest [LargestMinGB=32, LargerMinGB=12, DefaultMinGB=8, SmallerMinGB=6, SmallestMinGB=0)
[2019.03.23-12.41.36:269][  0]LogConfig: Setting CVar [[r.Vulkan.UseRealUBs:1]]
[2019.03.23-12.41.36:269][  0]LogInit: Going up to parent DeviceProfile []
[2019.03.23-12.41.36:269][  0]LogConfig: Applying CVar settings from Section [ViewDistanceQuality@3] File [C:/Users/krasn/Documents/Unreal Projects/Elerproject/Saved/Config/Windows/Scalability.ini]
[2019.03.23-12.41.36:269][  0]LogConfig: Setting CVar [[r.SkeletalMeshLODBias:0]]
[2019.03.23-12.41.36:269][  0]LogConfig: Setting CVar [[r.ViewDistanceScale:1.0]]
[2019.03.23-12.41.36:269][  0]LogConfig: Applying CVar settings from Section [AntiAliasingQuality@3] File [C:/Users/krasn/Documents/Unreal Projects/Elerproject/Saved/Config/Windows/Scalability.ini]
[2019.03.23-12.41.36:269][  0]LogConfig: Setting CVar [[r.PostProcessAAQuality:4]]
[2019.03.23-12.41.36:269][  0]LogConfig: Applying CVar settings from Section [ShadowQuality@3] File [C:/Users/krasn/Documents/Unreal Projects/Elerproject/Saved/Config/Windows/Scalability.ini]
[2019.03.23-12.41.36:269][  0]LogConfig: Setting CVar [[r.LightFunctionQuality:1]]
[2019.03.23-12.41.36:269][  0]LogConfig: Setting CVar [[r.ShadowQuality:5]]
[2019.03.23-12.41.36:269][  0]LogConfig: Setting CVar [[r.Shadow.CSM.MaxCascades:10]]
[2019.03.23-12.41.36:269][  0]LogConfig: Setting CVar [[r.Shadow.MaxResolution:2048]]
[2019.03.23-12.41.36:269][  0]LogConfig: Setting CVar [[r.Shadow.MaxCSMResolution:2048]]
[2019.03.23-12.41.36:269][  0]LogConfig: Setting CVar [[r.Shadow.RadiusThreshold:0.01]]
[2019.03.23-12.41.36:269][  0]LogConfig: Setting CVar [[r.Shadow.DistanceScale:1.0]]
[2019.03.23-12.41.36:269][  0]LogConfig: Setting CVar [[r.Shadow.CSM.TransitionScale:1.0]]
[2019.03.23-12.41.36:269][  0]LogConfig: Setting CVar [[r.Shadow.PreShadowResolutionFactor:1.0]]
[2019.03.23-12.41.36:269][  0]LogConfig: Setting CVar [[r.DistanceFieldShadowing:1]]
[2019.03.23-12.41.36:269][  0]LogConfig: Setting CVar [[r.DistanceFieldAO:1]]
[2019.03.23-12.41.36:269][  0]LogConfig: Setting CVar [[r.AOQuality:2]]
[2019.03.23-12.41.36:269][  0]LogConfig: Setting CVar [[r.VolumetricFog:1]]
[2019.03.23-12.41.36:269][  0]LogConfig: Setting CVar [[r.VolumetricFog.GridPixelSize:8]]
[2019.03.23-12.41.36:269][  0]LogConfig: Setting CVar [[r.VolumetricFog.GridSizeZ:128]]
[2019.03.23-12.41.36:269][  0]LogConfig: Setting CVar [[r.VolumetricFog.HistoryMissSupersampleCount:4]]
[2019.03.23-12.41.36:269][  0]LogConfig: Setting CVar [[r.LightMaxDrawDistanceScale:1]]
[2019.03.23-12.41.36:269][  0]LogConfig: Setting CVar [[r.CapsuleShadows:1]]
[2019.03.23-12.41.36:269][  0]LogConfig: Applying CVar settings from Section [PostProcessQuality@3] File [C:/Users/krasn/Documents/Unreal Projects/Elerproject/Saved/Config/Windows/Scalability.ini]
[2019.03.23-12.41.36:269][  0]LogConfig: Setting CVar [[r.MotionBlurQuality:4]]
[2019.03.23-12.41.36:269][  0]LogConfig: Setting CVar [[r.AmbientOcclusionMipLevelFactor:0.4]]
[2019.03.23-12.41.36:269][  0]LogConfig: Setting CVar [[r.AmbientOcclusionMaxQuality:100]]
[2019.03.23-12.41.36:270][  0]LogConfig: Setting CVar [[r.AmbientOcclusionLevels:-1]]
[2019.03.23-12.41.36:270][  0]LogConfig: Setting CVar [[r.AmbientOcclusionRadiusScale:1.0]]
[2019.03.23-12.41.36:270][  0]LogConfig: Setting CVar [[r.DepthOfFieldQuality:2]]
[2019.03.23-12.41.36:270][  0]LogConfig: Setting CVar [[r.RenderTargetPoolMin:400]]
[2019.03.23-12.41.36:270][  0]LogConfig: Setting CVar [[r.LensFlareQuality:2]]
[2019.03.23-12.41.36:270][  0]LogConfig: Setting CVar [[r.SceneColorFringeQuality:1]]
[2019.03.23-12.41.36:270][  0]LogConfig: Setting CVar [[r.EyeAdaptationQuality:2]]
[2019.03.23-12.41.36:270][  0]LogConfig: Setting CVar [[r.BloomQuality:5]]
[2019.03.23-12.41.36:270][  0]LogConfig: Setting CVar [[r.FastBlurThreshold:100]]
[2019.03.23-12.41.36:270][  0]LogConfig: Setting CVar [[r.Upscale.Quality:3]]
[2019.03.23-12.41.36:270][  0]LogConfig: Setting CVar [[r.Tonemapper.GrainQuantization:1]]
[2019.03.23-12.41.36:270][  0]LogConfig: Setting CVar [[r.LightShaftQuality:1]]
[2019.03.23-12.41.36:270][  0]LogConfig: Setting CVar [[r.Filter.SizeScale:1]]
[2019.03.23-12.41.36:270][  0]LogConfig: Setting CVar [[r.Tonemapper.Quality:5]]
[2019.03.23-12.41.36:270][  0]LogConfig: Setting CVar [[r.DOF.Gather.AccumulatorQuality:1        ; higher gathering accumulator quality]]
[2019.03.23-12.41.36:270][  0]LogConfig: Setting CVar [[r.DOF.Gather.PostfilterMethod:1          ; Median3x3 postfilering method]]
[2019.03.23-12.41.36:270][  0]LogConfig: Setting CVar [[r.DOF.Gather.EnableBokehSettings:0       ; no bokeh simulation when gathering]]
[2019.03.23-12.41.36:270][  0]LogConfig: Setting CVar [[r.DOF.Gather.RingCount:4                 ; medium number of samples when gathering]]
[2019.03.23-12.41.36:270][  0]LogConfig: Setting CVar [[r.DOF.Scatter.ForegroundCompositing:1    ; additive foreground scattering]]
[2019.03.23-12.41.36:270][  0]LogConfig: Setting CVar [[r.DOF.Scatter.BackgroundCompositing:2    ; additive background scattering]]
[2019.03.23-12.41.36:270][  0]LogConfig: Setting CVar [[r.DOF.Scatter.EnableBokehSettings:1      ; bokeh simulation when scattering]]
[2019.03.23-12.41.36:270][  0]LogConfig: Setting CVar [[r.DOF.Scatter.MaxSpriteRatio:0.1         ; only a maximum of 10% of scattered bokeh]]
[2019.03.23-12.41.36:270][  0]LogConfig: Setting CVar [[r.DOF.Recombine.Quality:1                ; cheap slight out of focus]]
[2019.03.23-12.41.36:270][  0]LogConfig: Setting CVar [[r.DOF.Recombine.EnableBokehSettings:0    ; no bokeh simulation on slight out of focus]]
[2019.03.23-12.41.36:270][  0]LogConfig: Setting CVar [[r.DOF.TemporalAAQuality:1                ; more stable temporal accumulation]]
[2019.03.23-12.41.36:270][  0]LogConfig: Setting CVar [[r.DOF.Kernel.MaxForegroundRadius:0.025]]
[2019.03.23-12.41.36:270][  0]LogConfig: Setting CVar [[r.DOF.Kernel.MaxBackgroundRadius:0.025]]
[2019.03.23-12.41.36:270][  0]LogConfig: Applying CVar settings from Section [TextureQuality@3] File [C:/Users/krasn/Documents/Unreal Projects/Elerproject/Saved/Config/Windows/Scalability.ini]
[2019.03.23-12.41.36:270][  0]LogConfig: Setting CVar [[r.Streaming.MipBias:0]]
[2019.03.23-12.41.36:270][  0]LogConfig: Setting CVar [[r.Streaming.AmortizeCPUToGPUCopy:0]]
[2019.03.23-12.41.36:270][  0]LogConfig: Setting CVar [[r.Streaming.MaxNumTexturesToStreamPerFrame:0]]
[2019.03.23-12.41.36:270][  0]LogConfig: Setting CVar [[r.Streaming.Boost:1]]
[2019.03.23-12.41.36:270][  0]LogConfig: Setting CVar [[r.MaxAnisotropy:8]]
[2019.03.23-12.41.36:270][  0]LogConfig: Setting CVar [[r.Streaming.LimitPoolSizeToVRAM:0]]
[2019.03.23-12.41.36:270][  0]LogConfig: Setting CVar [[r.Streaming.PoolSize:1000]]
[2019.03.23-12.41.36:270][  0]LogConfig: Setting CVar [[r.Streaming.MaxEffectiveScreenSize:0]]
[2019.03.23-12.41.36:270][  0]LogConfig: Applying CVar settings from Section [EffectsQuality@3] File [C:/Users/krasn/Documents/Unreal Projects/Elerproject/Saved/Config/Windows/Scalability.ini]
[2019.03.23-12.41.36:270][  0]LogConfig: Setting CVar [[r.TranslucencyLightingVolumeDim:64]]
[2019.03.23-12.41.36:270][  0]LogConfig: Setting CVar [[r.RefractionQuality:2]]
[2019.03.23-12.41.36:270][  0]LogConfig: Setting CVar [[r.SSR.Quality:3]]
[2019.03.23-12.41.36:270][  0]LogConfig: Setting CVar [[r.SceneColorFormat:4]]
[2019.03.23-12.41.36:270][  0]LogConfig: Setting CVar [[r.DetailMode:2]]
[2019.03.23-12.41.36:270][  0]LogConfig: Setting CVar [[r.TranslucencyVolumeBlur:1]]
[2019.03.23-12.41.36:271][  0]LogConfig: Setting CVar [[r.MaterialQualityLevel:1 ; High quality]]
[2019.03.23-12.41.36:271][  0]LogConfig: Setting CVar [[r.SSS.Scale:1]]
[2019.03.23-12.41.36:271][  0]LogConfig: Setting CVar [[r.SSS.SampleSet:2]]
[2019.03.23-12.41.36:271][  0]LogConfig: Setting CVar [[r.SSS.Quality:1]]
[2019.03.23-12.41.36:271][  0]LogConfig: Setting CVar [[r.SSS.HalfRes:1]]
[2019.03.23-12.41.36:271][  0]LogConfig: Setting CVar [[r.EmitterSpawnRateScale:1.0]]
[2019.03.23-12.41.36:271][  0]LogConfig: Setting CVar [[r.ParticleLightQuality:2]]
[2019.03.23-12.41.36:271][  0]LogConfig: Applying CVar settings from Section [FoliageQuality@3] File [C:/Users/krasn/Documents/Unreal Projects/Elerproject/Saved/Config/Windows/Scalability.ini]
[2019.03.23-12.41.36:271][  0]LogConfig: Setting CVar [[foliage.DensityScale:1.0]]
[2019.03.23-12.41.36:271][  0]LogConfig: Setting CVar [[grass.DensityScale:1.0]]
[2019.03.23-12.41.36:271][  0]LogConfig: Applying CVar settings from Section [Startup] File [../../../Engine/Config/ConsoleVariables.ini]
[2019.03.23-12.41.36:271][  0]LogConfig: Setting CVar [[net.UseAdaptiveNetUpdateFrequency:0]]
[2019.03.23-12.41.36:271][  0]LogConfig: Applying CVar settings from Section [ConsoleVariables] File [C:/Users/krasn/Documents/Unreal Projects/Elerproject/Saved/Config/Windows/Engine.ini]
[2019.03.23-12.41.36:271][  0]LogInit: Computer: LAPTOP-D9NERJCB
[2019.03.23-12.41.36:272][  0]LogInit: User: krasn
[2019.03.23-12.41.36:272][  0]LogInit: CPU Page size=4096, Cores=2
[2019.03.23-12.41.36:272][  0]LogInit: High frequency timer resolution =1.945311 MHz
[2019.03.23-12.41.36:272][  0]LogMemory: Memory total: Physical=3.9GB (4GB approx)
[2019.03.23-12.41.36:272][  0]LogMemory: Platform Memory Stats for Windows
[2019.03.23-12.41.36:272][  0]LogMemory: Process Physical Memory: 102.04 MB used, 102.04 MB peak
[2019.03.23-12.41.36:272][  0]LogMemory: Process Virtual Memory: 90.98 MB used, 90.98 MB peak
[2019.03.23-12.41.36:272][  0]LogMemory: Physical Memory: 3422.29 MB used,  550.94 MB free, 3973.22 MB total
[2019.03.23-12.41.36:272][  0]LogMemory: Virtual Memory: 4635.47 MB used,  134213096.00 MB free, 134217728.00 MB total
[2019.03.23-12.41.36:310][  0]LogInit: Using OS detected language (ru-RU).
[2019.03.23-12.41.36:310][  0]LogInit: Using OS detected locale (ru-RU).
[2019.03.23-12.41.36:313][  0]LogTextLocalizationManager: No specific localization for 'ru-RU' exists, so the 'ru' localization will be used.
[2019.03.23-12.41.36:319][  0]LogStreaming: Display: Took  0.009s to InitEngineTextLocalization.
[2019.03.23-12.41.36:320][  0]LogInit: Setting process to per monitor DPI aware
[2019.03.23-12.41.36:368][  0]LogSlate: New Slate User Created.  User Index 0, Is Virtual User: 0
[2019.03.23-12.41.36:368][  0]LogSlate: Slate User Registered.  User Index 0, Is Virtual User: 0
[2019.03.23-12.41.37:117][  0]LogHMD: Failed to initialize OpenVR with code 110
[2019.03.23-12.41.37:117][  0]LogD3D11RHI: D3D11 adapters:
[2019.03.23-12.41.37:211][  0]LogD3D11RHI:    0. 'NVIDIA GeForce 940MX' (Feature Level 11_0)
[2019.03.23-12.41.37:211][  0]LogD3D11RHI:       2020/0/1986 MB DedicatedVideo/DedicatedSystem/SharedSystem, Outputs:1, VendorId:0x10de
[2019.03.23-12.41.37:226][  0]LogD3D11RHI:    1. 'Intel(R) HD Graphics 520' (Feature Level 11_0)
[2019.03.23-12.41.37:226][  0]LogD3D11RHI:       128/0/1986 MB DedicatedVideo/DedicatedSystem/SharedSystem, Outputs:0, VendorId:0x8086
[2019.03.23-12.41.37:230][  0]LogD3D11RHI:    2. 'Microsoft Basic Render Driver' (Feature Level 11_0)
[2019.03.23-12.41.37:230][  0]LogD3D11RHI:       0/0/1986 MB DedicatedVideo/DedicatedSystem/SharedSystem, Outputs:0, VendorId:0x1414
[2019.03.23-12.41.37:230][  0]LogD3D11RHI: Chosen D3D11 Adapter: 0
[2019.03.23-12.41.37:293][  0]LogD3D11RHI: Creating new Direct3DDevice
[2019.03.23-12.41.37:293][  0]LogD3D11RHI:     GPU DeviceId: 0x134d (for the marketing name, search the web for "GPU Device Id")
[2019.03.23-12.41.37:293][  0]LogWindows: EnumDisplayDevices:
[2019.03.23-12.41.37:293][  0]LogWindows:    0. 'Intel(R) HD Graphics 520' (P:1 D:1)
[2019.03.23-12.41.37:294][  0]LogWindows:    1. 'Intel(R) HD Graphics 520' (P:0 D:0)
[2019.03.23-12.41.37:294][  0]LogWindows:    2. 'Intel(R) HD Graphics 520' (P:0 D:0)
[2019.03.23-12.41.37:295][  0]LogWindows: DebugString: PrimaryIsNotTheChoosenAdapter PrimaryIsNotTheChoosenAdapter PrimaryIsNotTheChoosenAdapter FoundDriverCount:0 
[2019.03.23-12.41.37:295][  0]LogD3D11RHI:     Adapter Name: NVIDIA GeForce 940MX
[2019.03.23-12.41.37:295][  0]LogD3D11RHI:   Driver Version: Unknown (internal:Unknown, unified:Unknown)
[2019.03.23-12.41.37:295][  0]LogD3D11RHI:      Driver Date: Unknown
[2019.03.23-12.41.37:295][  0]LogRHI: Texture pool is 1414 MB (70% of 2020 MB)
[2019.03.23-12.41.37:345][  0]LogD3D11RHI: Async texture creation enabled
[2019.03.23-12.41.37:360][  0]LogD3D11RHI: GPU Timing Frequency: 1000.000000 (Debug: 2 1)
[2019.03.23-12.41.38:012][  0]LogTemp: Display: Loaded TP AllDesktopTargetPlatform
[2019.03.23-12.41.38:037][  0]LogTemp: Display: Loaded TP MacClientTargetPlatform
[2019.03.23-12.41.38:059][  0]LogTemp: Display: Loaded TP MacNoEditorTargetPlatform
[2019.03.23-12.41.38:082][  0]LogTemp: Display: Loaded TP MacServerTargetPlatform
[2019.03.23-12.41.38:104][  0]LogTemp: Display: Loaded TP MacTargetPlatform
[2019.03.23-12.41.38:126][  0]LogTemp: Display: Loaded TP WindowsClientTargetPlatform
[2019.03.23-12.41.38:148][  0]LogTemp: Display: Loaded TP WindowsNoEditorTargetPlatform
[2019.03.23-12.41.38:172][  0]LogTemp: Display: Loaded TP WindowsServerTargetPlatform
[2019.03.23-12.41.38:183][  0]LogTemp: Display: Loaded TP WindowsTargetPlatform
[2019.03.23-12.41.38:318][  0]LogTemp: Display: Loaded TP AndroidTargetPlatform
[2019.03.23-12.41.38:318][  0]LogTemp: Display: Loaded TP AndroidTargetPlatform
[2019.03.23-12.41.38:318][  0]LogTemp: Display: Loaded TP AndroidTargetPlatform
[2019.03.23-12.41.38:318][  0]LogTemp: Display: Loaded TP AndroidTargetPlatform
[2019.03.23-12.41.38:318][  0]LogTemp: Display: Loaded TP AndroidTargetPlatform
[2019.03.23-12.41.38:318][  0]LogTemp: Display: Loaded TP AndroidTargetPlatform
[2019.03.23-12.41.38:318][  0]LogTemp: Display: Loaded TP AndroidTargetPlatform
[2019.03.23-12.41.38:318][  0]LogTemp: Display: Loaded TP AndroidTargetPlatform
[2019.03.23-12.41.38:318][  0]LogTemp: Display: Loaded TP AndroidTargetPlatform
[2019.03.23-12.41.38:318][  0]LogTemp: Display: Loaded TP AndroidTargetPlatform
[2019.03.23-12.41.38:318][  0]LogTemp: Display: Loaded TP AndroidTargetPlatform
[2019.03.23-12.41.38:318][  0]LogTemp: Display: Loaded TP AndroidTargetPlatform
[2019.03.23-12.41.38:318][  0]LogTemp: Display: Loaded TP AndroidTargetPlatform
[2019.03.23-12.41.38:318][  0]LogTemp: Display: Loaded TP AndroidTargetPlatform
[2019.03.23-12.41.38:318][  0]LogTemp: Display: Loaded TP AndroidTargetPlatform
[2019.03.23-12.41.38:318][  0]LogTemp: Display: Loaded TP AndroidTargetPlatform
[2019.03.23-12.41.38:319][  0]LogTemp: Display: Loaded TP AndroidTargetPlatform
[2019.03.23-12.41.38:319][  0]LogTemp: Display: Loaded TP AndroidTargetPlatform
[2019.03.23-12.41.38:321][  0]LogTemp: Display: Loaded TP HTML5TargetPlatform
[2019.03.23-12.41.38:405][  0]LogTemp: Display: Loaded TP IOSTargetPlatform
[2019.03.23-12.41.38:405][  0]LogTemp: Display: Loaded TP IOSTargetPlatform
[2019.03.23-12.41.38:445][  0]LogTemp: Display: Loaded TP TVOSTargetPlatform
[2019.03.23-12.41.38:445][  0]LogTemp: Display: Loaded TP TVOSTargetPlatform
[2019.03.23-12.41.38:468][  0]LogTemp: Display: Loaded TP LinuxClientTargetPlatform
[2019.03.23-12.41.38:489][  0]LogTemp: Display: Loaded TP LinuxNoEditorTargetPlatform
[2019.03.23-12.41.38:509][  0]LogTemp: Display: Loaded TP LinuxServerTargetPlatform
[2019.03.23-12.41.38:532][  0]LogTemp: Display: Loaded TP LinuxTargetPlatform
[2019.03.23-12.41.38:626][  0]LogTemp: Display: Loaded TP LuminTargetPlatform
[2019.03.23-12.41.38:626][  0]LogTemp: Display: Loaded TP LuminTargetPlatform
[2019.03.23-12.41.38:626][  0]LogTargetPlatformManager: Display: Building Assets For Windows
[2019.03.23-12.41.38:731][  0]LogShaderCompilers: Guid format shader working directory is -6 characters bigger than the processId version (C:/Users/krasn/Documents/Unreal Projects/Elerproject/Intermediate/Shaders/WorkingDirectory/6160/).
[2019.03.23-12.41.38:731][  0]LogShaderCompilers: Cleaned the shader compiler working directory 'C:/Users/krasn/AppData/Local/Temp/UnrealShaderWorkingDir/52F0D96249666642BA9F77AE277E1ADB/'.
[2019.03.23-12.41.38:735][  0]LogXGEController: Cannot use XGE Controller as Incredibuild is not installed on this machine.
[2019.03.23-12.41.38:735][  0]LogShaderCompilers: Cannot use XGE Shader Compiler as Incredibuild is not installed on this machine.
[2019.03.23-12.41.38:735][  0]LogShaderCompilers: Display: Using Local Shader Compiler.
[2019.03.23-12.41.39:769][  0]LogDerivedDataCache: Display: Max Cache Size: 512 MB
[2019.03.23-12.41.39:896][  0]LogDerivedDataCache: Loaded boot cache 0.13s 86MB C:/Users/krasn/AppData/Local/UnrealEngine/4.21/DerivedDataCache/Boot.ddc.
[2019.03.23-12.41.39:896][  0]LogDerivedDataCache: Display: Loaded Boot cache: C:/Users/krasn/AppData/Local/UnrealEngine/4.21/DerivedDataCache/Boot.ddc
[2019.03.23-12.41.39:897][  0]LogDerivedDataCache: FDerivedDataBackendGraph:  Pak pak cache file C:/Users/krasn/Documents/Unreal Projects/Elerproject/DerivedDataCache/DDC.ddp not found, will not use a pak cache.
[2019.03.23-12.41.39:897][  0]LogDerivedDataCache: Unable to find inner node Pak for hierarchical cache Hierarchy.
[2019.03.23-12.41.39:897][  0]LogDerivedDataCache: FDerivedDataBackendGraph:  CompressedPak pak cache file C:/Users/krasn/Documents/Unreal Projects/Elerproject/DerivedDataCache/Compressed.ddp not found, will not use a pak cache.
[2019.03.23-12.41.39:897][  0]LogDerivedDataCache: Unable to find inner node CompressedPak for hierarchical cache Hierarchy.
[2019.03.23-12.41.39:928][  0]LogDerivedDataCache: Display: Pak cache opened for reading ../../../Engine/DerivedDataCache/Compressed.ddp.
[2019.03.23-12.41.39:928][  0]LogDerivedDataCache: FDerivedDataBackendGraph:  EnterprisePak pak cache file ../../../Enterprise/DerivedDataCache/Compressed.ddp not found, will not use a pak cache.
[2019.03.23-12.41.39:928][  0]LogDerivedDataCache: Unable to find inner node EnterprisePak for hierarchical cache Hierarchy.
[2019.03.23-12.41.39:943][  0]LogDerivedDataCache: Using Local data cache path C:/Users/krasn/AppData/Local/UnrealEngine/Common/DerivedDataCache: Writable
[2019.03.23-12.41.39:943][  0]LogDerivedDataCache: Shared data cache path not found in *engine.ini, will not use an Shared cache.
[2019.03.23-12.41.39:943][  0]LogDerivedDataCache: Unable to find inner node Shared for hierarchical cache Hierarchy.
[2019.03.23-12.41.39:988][  0]LogMaterial: Verifying Global Shaders for PCD3D_SM5
[2019.03.23-12.41.39:990][  0]LogSlate: Using FreeType 2.6.0
[2019.03.23-12.41.39:992][  0]LogSlate: SlateFontServices - WITH_FREETYPE: 1, WITH_HARFBUZZ: 1
[2019.03.23-12.41.40:152][  0]LogAssetRegistry: FAssetRegistry took 0.0418 seconds to start up
[2019.03.23-12.41.40:871][  0]LogInit: Selected Device Profile: [Windows]
[2019.03.23-12.41.40:993][  0]LogSimplygon: Simplygon DLL not present - disabling.
[2019.03.23-12.41.41:000][  0]LogMeshReduction: Using SimplygonSwarm for distributed automatic mesh merging
[2019.03.23-12.41.41:000][  0]LogMeshReduction: Using ProxyLODMeshReduction for automatic mesh merging
[2019.03.23-12.41.41:000][  0]LogMeshReduction: Using QuadricMeshReduction for automatic static mesh reduction
[2019.03.23-12.41.41:000][  0]LogMeshReduction: No automatic skeletal mesh reduction module available
[2019.03.23-12.41.41:225][  0]LogNetVersion: Elerproject 1.0.0, NetCL: 4541578, EngineNetVer: 5, GameNetVer: 0 (Checksum: 3343507482)
[2019.03.23-12.41.42:297][  0]LogPackageLocalizationCache: Processed 11 localized package path(s) for 2 prioritized culture(s) in 0.212125 seconds
[2019.03.23-12.41.42:309][  0]LogUObjectArray: 39775 objects as part of root set at end of initial load.
[2019.03.23-12.41.42:309][  0]LogUObjectAllocator: 6914656 out of 0 bytes used by permanent object pool.
[2019.03.23-12.41.42:309][  0]LogUObjectArray: CloseDisregardForGC: 0/0 objects in disregard for GC pool
[2019.03.23-12.41.44:432][  0]LogTcpMessaging: Initializing TcpMessaging bridge
[2019.03.23-12.41.44:466][  0]LogUdpMessaging: Initializing bridge on interface 0.0.0.0:0 to multicast group 230.0.0.1:6666.
[2019.03.23-12.41.46:072][  0]SourceControl: Source control is disabled
[2019.03.23-12.41.46:072][  0]SourceControl: Source control is disabled
[2019.03.23-12.41.46:075][  0]SourceControl: Source control is disabled
[2019.03.23-12.41.46:077][  0]SourceControl: Source control is disabled
[2019.03.23-12.41.46:323][  0]LogAndroidPermission: UAndroidPermissionCallbackProxy::GetInstance
[2019.03.23-12.41.46:438][  0]LogOcInput: OculusInput pre-init called
[2019.03.23-12.41.46:615][  0]LogEngine: Initializing Engine...
[2019.03.23-12.41.46:616][  0]LogHMD: Failed to initialize OpenVR with code 110
[2019.03.23-12.41.46:617][  0]LogStats: UGameplayTagsManager::ConstructGameplayTagTree: ImportINI prefixes -  0.000 s
[2019.03.23-12.41.46:617][  0]LogStats: UGameplayTagsManager::ConstructGameplayTagTree: Construct from data asset -  0.000 s
[2019.03.23-12.41.46:618][  0]LogStats: UGameplayTagsManager::ConstructGameplayTagTree: ImportINI -  0.000 s
[2019.03.23-12.41.46:618][  0]LogStats: UGameplayTagsManager::ConstructGameplayTagTree: GameplayTagTreeChangedEvent.Broadcast -  0.000 s
[2019.03.23-12.41.52:082][  0]LogInit: Initializing FReadOnlyCVARCache
[2019.03.23-12.41.53:789][  0]LogAIModule: Creating AISystem for world Untitled
[2019.03.23-12.41.53:846][  0]LogInit: XAudio2 using 'Динамики (Realtek High Definition Audio)' : 2 channels at 48 kHz using 32 bits per sample (channel mask 0x3)
[2019.03.23-12.41.53:933][  0]LogInit: FAudioDevice initialized.
[2019.03.23-12.41.53:933][  0]LogNetVersion: Set ProjectVersion to 1.0.0.0. Version Checksum will be recalculated on next use.
[2019.03.23-12.41.54:044][  0]LogDerivedDataCache: Saved boot cache 0.11s 71MB C:/Users/krasn/AppData/Local/UnrealEngine/4.21/DerivedDataCache/Boot.ddc.
[2019.03.23-12.41.54:059][  0]LogInit: Texture streaming: Enabled
[2019.03.23-12.41.55:338][  0]LogEngineSessionManager: EngineSessionManager initialized
[2019.03.23-12.41.55:426][  0]LogInit: Transaction tracking system initialized
[2019.03.23-12.41.55:667][  0]BlueprintLog: New page: Editor Load
[2019.03.23-12.41.57:116][  0]LocalizationService: Localization service is disabled
[2019.03.23-12.42.01:270][  0]LogFileCache: Scanning file cache for directory 'C:/Users/krasn/Documents/Unreal Projects/Elerproject/Content/' took 0.01s
[2019.03.23-12.42.01:270][  0]LogCook: Display: Max memory allowance for cook 16384mb min free memory 0mb
[2019.03.23-12.42.01:270][  0]LogCook: Display: Mobile HDR setting 1
[2019.03.23-12.42.01:400][  0]LogGameplayTags: Display: UGameplayTagsManager::DoneAddingNativeTags. DelegateIsBound: 0
[2019.03.23-12.42.01:400][  0]LogStats: UGameplayTagsManager::ConstructGameplayTagTree: ImportINI prefixes -  0.000 s
[2019.03.23-12.42.01:400][  0]LogStats: UGameplayTagsManager::ConstructGameplayTagTree: Construct from data asset -  0.000 s
[2019.03.23-12.42.01:400][  0]LogStats: UGameplayTagsManager::ConstructGameplayTagTree: ImportINI -  0.000 s
[2019.03.23-12.42.01:400][  0]LogStats: UGameplayTagsManager::ConstructGameplayTagTree: GameplayTagTreeChangedEvent.Broadcast -  0.000 s
[2019.03.23-12.42.06:007][  0]SourceControl: Source control is disabled
[2019.03.23-12.42.06:007][  0]Cmd: MAP LOAD FILE="../../../Engine/Content/Maps/Templates/Template_Default.umap" TEMPLATE=1 SHOWPROGRESS=1 FEATURELEVEL=3
[2019.03.23-12.42.06:116][  0]LightingResults: New page: Lighting Build
[2019.03.23-12.42.06:155][  0]MapCheck: New page: Map Check
[2019.03.23-12.42.06:155][  0]LightingResults: New page: Lighting Build
[2019.03.23-12.42.07:780][  0]LogAIModule: Creating AISystem for world Untitled_1
[2019.03.23-12.42.07:858][  0]LogEditorServer: Finished looking for orphan Actors (0.000 secs)
[2019.03.23-12.42.07:897][  0]Cmd: MAP CHECKDEP NOCLEARLOG
[2019.03.23-12.42.07:898][  0]MapCheck: Map check complete: 0 Error(s), 0 Warning(s), took 0,263ms to complete.
[2019.03.23-12.42.07:898][  0]LogFileHelpers: Loading map 'Template_Default' took 1.890
[2019.03.23-12.42.11:335][  0]LogSlate: Updating window title bar state: overlay mode, drag disabled, window buttons hidden, title bar hidden
[2019.03.23-12.42.11:411][  0]LogSlate: Updating window title bar state: overlay mode, drag disabled, window buttons hidden, title bar hidden
[2019.03.23-12.42.11:429][  0]LogSlate: Updating window title bar state: overlay mode, drag disabled, window buttons hidden, title bar hidden
[2019.03.23-12.42.11:444][  0]LogSlate: Updating window title bar state: overlay mode, drag disabled, window buttons hidden, title bar hidden
[2019.03.23-12.42.11:835][  0]LogCollectionManager: Loaded 0 collections in 0.001931 seconds
[2019.03.23-12.42.12:507][  0]LogFileCache: Scanning file cache for directory 'C:/Users/krasn/Documents/Unreal Projects/Elerproject/Saved/Collections/' took 0.01s
[2019.03.23-12.42.12:507][  0]LogFileCache: Scanning file cache for directory 'C:/Users/krasn/Documents/Unreal Projects/Elerproject/Content/Developers/krasn/Collections/' took 0.01s
[2019.03.23-12.42.12:507][  0]LogFileCache: Scanning file cache for directory 'C:/Users/krasn/Documents/Unreal Projects/Elerproject/Content/Collections/' took 0.01s
[2019.03.23-12.42.12:507][  0]LogCollectionManager: Rebuilt the GUID cache for 0 collections in 0.000001 seconds
[2019.03.23-12.42.12:598][  0]LogContentBrowser: Native class hierarchy populated in 0.0248 seconds. Added 2651 classes and 620 folders.
[2019.03.23-12.42.13:037][  0]LogContentBrowser: Native class hierarchy updated for 'WidgetCarousel' in 0.0006 seconds. Added 0 classes and 0 folders.
[2019.03.23-12.42.13:220][  0]LogPakFile: Registered encryption key '00000000000000000000000000000000': 0 pak files mounted, 0 remain pending
[2019.03.23-12.42.13:661][  0]LogPakFile: Registered encryption key '00000000000000000000000000000000': 0 pak files mounted, 0 remain pending
[2019.03.23-12.42.13:793][  0]LogPakFile: Registered encryption key '00000000000000000000000000000000': 0 pak files mounted, 0 remain pending
[2019.03.23-12.42.13:801][  0]LogPakFile: Registered encryption key '00000000000000000000000000000000': 0 pak files mounted, 0 remain pending
[2019.03.23-12.42.13:827][  0]LogPakFile: Registered encryption key '00000000000000000000000000000000': 0 pak files mounted, 0 remain pending
[2019.03.23-12.42.13:859][  0]LogPakFile: Registered encryption key '00000000000000000000000000000000': 0 pak files mounted, 0 remain pending
[2019.03.23-12.42.13:867][  0]LogPakFile: Registered encryption key '00000000000000000000000000000000': 0 pak files mounted, 0 remain pending
[2019.03.23-12.42.13:972][  0]LogPakFile: Registered encryption key '00000000000000000000000000000000': 0 pak files mounted, 0 remain pending
[2019.03.23-12.42.13:983][  0]LogPakFile: Registered encryption key '00000000000000000000000000000000': 0 pak files mounted, 0 remain pending
[2019.03.23-12.42.14:056][  0]LogPakFile: Registered encryption key '00000000000000000000000000000000': 0 pak files mounted, 0 remain pending
[2019.03.23-12.42.14:064][  0]LogPakFile: Registered encryption key '00000000000000000000000000000000': 0 pak files mounted, 0 remain pending
[2019.03.23-12.42.14:099][  0]LogPakFile: Registered encryption key '00000000000000000000000000000000': 0 pak files mounted, 0 remain pending
[2019.03.23-12.42.14:179][  0]LogPakFile: Registered encryption key '00000000000000000000000000000000': 0 pak files mounted, 0 remain pending
[2019.03.23-12.42.14:186][  0]LogPakFile: Registered encryption key '00000000000000000000000000000000': 0 pak files mounted, 0 remain pending
[2019.03.23-12.42.14:194][  0]LogPakFile: Registered encryption key '00000000000000000000000000000000': 0 pak files mounted, 0 remain pending
[2019.03.23-12.42.14:201][  0]LogPakFile: Registered encryption key '00000000000000000000000000000000': 0 pak files mounted, 0 remain pending
[2019.03.23-12.42.14:309][  0]LogPakFile: Registered encryption key '00000000000000000000000000000000': 0 pak files mounted, 0 remain pending
[2019.03.23-12.42.14:317][  0]LogPakFile: Registered encryption key '00000000000000000000000000000000': 0 pak files mounted, 0 remain pending
[2019.03.23-12.42.14:339][  0]LogPakFile: Registered encryption key '00000000000000000000000000000000': 0 pak files mounted, 0 remain pending
[2019.03.23-12.42.14:347][  0]LogPakFile: Registered encryption key '00000000000000000000000000000000': 0 pak files mounted, 0 remain pending
[2019.03.23-12.42.14:414][  0]LogPakFile: Registered encryption key '00000000000000000000000000000000': 0 pak files mounted, 0 remain pending
[2019.03.23-12.42.14:429][  0]LogPakFile: Registered encryption key '00000000000000000000000000000000': 0 pak files mounted, 0 remain pending
[2019.03.23-12.42.14:513][  0]LogPakFile: Registered encryption key '00000000000000000000000000000000': 0 pak files mounted, 0 remain pending
[2019.03.23-12.42.14:539][  0]LogPakFile: Registered encryption key '00000000000000000000000000000000': 0 pak files mounted, 0 remain pending
[2019.03.23-12.42.14:629][  0]LogPakFile: Registered encryption key '00000000000000000000000000000000': 0 pak files mounted, 0 remain pending
[2019.03.23-12.42.14:636][  0]LogPakFile: Registered encryption key '00000000000000000000000000000000': 0 pak files mounted, 0 remain pending
[2019.03.23-12.42.17:220][  0]LogContentBrowser: Native class hierarchy updated for 'AddContentDialog' in 0.0006 seconds. Added 0 classes and 0 folders.
[2019.03.23-12.42.20:165][  0]LogContentBrowser: Native class hierarchy updated for 'SceneOutliner' in 0.0005 seconds. Added 1 classes and 2 folders.
[2019.03.23-12.42.21:860][  0]LogSlate: Took 0.023221 seconds to synchronously load lazily loaded font '../../../Engine/Content/Slate/Fonts/Roboto-Regular.ttf' (155K)
[2019.03.23-12.42.21:891][  0]LogSlate: Took 0.027431 seconds to synchronously load lazily loaded font '../../../Engine/Content/Slate/Fonts/Roboto-Bold.ttf' (160K)
[2019.03.23-12.42.22:097][  0]LogSlate: Took 0.045306 seconds to synchronously load lazily loaded font '../../../Engine/Content/Editor/Slate/Fonts/FontAwesome.ttf' (139K)
[2019.03.23-12.42.23:085][  0]LogRenderer: Reallocating scene render targets to support 964x436 Format 10 NumSamples 1 (Frame:1).
[2019.03.23-12.42.24:626][  0]LogSlate: FSceneViewport::OnFocusLost() reason 2
[2019.03.23-12.42.24:890][  0]LogSlate: Window 'Tutorials' being destroyed
[2019.03.23-12.42.25:025][  0]LogContentBrowser: Native class hierarchy updated for 'HierarchicalLODOutliner' in 0.0015 seconds. Added 0 classes and 0 folders.
[2019.03.23-12.42.25:025][  0]LogLoad: (Engine Initialization) Total time: 52.36 seconds
[2019.03.23-12.42.25:025][  0]LogLoad: (Engine Initialization) Total Blueprint compile time: 0.00 seconds
[2019.03.23-12.42.25:037][  0]LogWindowsTextInputMethodSystem: Display: IME system now deactivated.
[2019.03.23-12.42.25:282][  0]LogContentStreaming: Texture pool size now 1000 MB
[2019.03.23-12.42.44:873][130]LogAssetRegistry: Asset discovery search completed in 64.7441 seconds
[2019.03.23-12.42.44:877][130]LogCollectionManager: Rebuilt the object cache for 0 collections in 0.000001 seconds (found 0 objects)
[2019.03.23-12.42.44:877][130]LogCollectionManager: Fixed up redirectors for 0 collections in 0.000115 seconds (updated 0 objects)
[2019.03.23-12.42.53:004][586]LogSlate: FSceneViewport::OnFocusLost() reason 2
[2019.03.23-12.43.25:837][438]LogTemp: Executing iPhonePackager certificates Engine -bundlename com.YourCompany.Elerproject
[2019.03.23-12.43.25:837][438]LogTemp: CWD: D:\epic game\UE_4.21\Engine\Binaries\DotNET\IOS
[2019.03.23-12.43.25:837][438]LogTemp: Initial Dir: D:\epic game\UE_4.21
[2019.03.23-12.43.25:837][438]LogTemp: Env CWD: D:\epic game\UE_4.21\Engine\Binaries\DotNET\IOS
[2019.03.23-12.43.25:837][438]LogTemp: BranchPath = LAPTOP-D9NERJCB/D/epic game/UE_4.21/Engine/Binaries --- GameBranchPath = LAPTOP-D9NERJCB/D/epic game/UE_4.21/Engine/Binaries
[2019.03.23-12.43.25:837][438]LogTemp: IPP ERROR: Could not find provision directory 'C:\Users\krasn\AppData\Local/Apple Computer/MobileDevice/Provisioning Profiles/'.
[2019.03.23-12.43.25:837][438]LogSlate: Only BGRA pngs, bmps or icos are supported in by External Image Picker
[2019.03.23-12.44.46:088][819]LogSlate: Window 'Project Settings' being destroyed
[2019.03.23-12.44.46:103][819]LogSlate: Window 'Project Settings' being destroyed
[2019.03.23-12.45.20:175][144]LogEditorViewport: Clicking on Actor (LMB): PlayerStart (Player Start)
[2019.03.23-12.45.21:736][197]LogNavigationPoint: PostEditMove Clear paths rebuilt
[2019.03.23-12.45.30:284][664]LogNavigationPoint: PostEditMove Clear paths rebuilt
[2019.03.23-12.45.32:540][789]LogEditorViewport: Clicking on Actor (context menu): PlayerStart (Player Start)
[2019.03.23-12.45.32:848][789]LogSlate: FSceneViewport::OnFocusLost() reason 2
[2019.03.23-12.45.46:561][507]LogNavigationPoint: PostEditMove Clear paths rebuilt
[2019.03.23-12.45.49:584][692]LogEditorViewport: Clicking on Actor (context menu): PlayerStart (Player Start)
[2019.03.23-12.45.49:622][692]LogSlate: FSceneViewport::OnFocusLost() reason 2
[2019.03.23-12.46.06:416][533]Cmd: EDIT CUT
[2019.03.23-12.46.07:053][533]LogEditorActor: Deleted Actor: PlayerStart
[2019.03.23-12.46.07:145][533]LogEditorActor: Deleted 1 Actors (0.202 secs)
[2019.03.23-12.46.26:267][899]LogSlate: FSceneViewport::OnFocusLost() reason 0
[2019.03.23-12.46.29:224][ 55]LogSlate: Took 0.020854 seconds to synchronously load lazily loaded font '../../../Engine/Content/Slate/Fonts/Roboto-Light.ttf' (167K)
[2019.03.23-12.46.29:419][ 55]LogSlate: Took 0.056121 seconds to synchronously load lazily loaded font '../../../Engine/Content/Slate/Fonts/Roboto-BoldCondensed.ttf' (158K)
[2019.03.23-12.48.25:119][182]LogHttp: Warning: 0000018AA7B75080: request failed, libcurl error: 35 (SSL connect error)
[2019.03.23-12.48.25:120][182]LogHttp: Warning: 0000018AA7B75080: libcurl info message cache 0 (Connection 2 seems to be dead!)
[2019.03.23-12.48.25:120][182]LogHttp: Warning: 0000018AA7B75080: libcurl info message cache 1 (Closing connection 2)
[2019.03.23-12.48.25:122][182]LogHttp: Warning: 0000018AA7B75080: libcurl info message cache 2 (TLSv1.2 (OUT), TLS alert, Client hello (1):)
[2019.03.23-12.48.25:122][182]LogHttp: Warning: 0000018AA7B75080: libcurl info message cache 3 (  Trying 52.71.135.85...)
[2019.03.23-12.48.25:123][182]LogHttp: Warning: 0000018AA7B75080: libcurl info message cache 4 (TCP_NODELAY set)
[2019.03.23-12.48.25:123][182]LogHttp: Warning: 0000018AA7B75080: libcurl info message cache 5 (Connected to datarouter.ol.epicgames.com (52.71.135.85) port 443 (#3))
[2019.03.23-12.48.25:123][182]LogHttp: Warning: 0000018AA7B75080: libcurl info message cache 6 (ALPN, offering http/1.1)
[2019.03.23-12.48.25:123][182]LogHttp: Warning: 0000018AA7B75080: libcurl info message cache 7 (Cipher selection: ALL:!EXPORT:!EXPORT40:!EXPORT56:!aNULL:!LOW:!RC4:@STRENGTH)
[2019.03.23-12.48.25:124][182]LogHttp: Warning: 0000018AA7B75080: libcurl info message cache 8 (SSL re-using session ID)
[2019.03.23-12.48.25:124][182]LogHttp: Warning: 0000018AA7B75080: libcurl info message cache 9 (TLSv1.2 (OUT), TLS handshake, Client hello (1):)
[2019.03.23-12.48.25:124][182]LogHttp: Warning: 0000018AA7B75080: libcurl info message cache 10 (OpenSSL SSL_connect: SSL_ERROR_SYSCALL in connection to datarouter.ol.epicgames.com:443 )
[2019.03.23-12.48.25:124][182]LogHttp: Warning: 0000018AA7B75080: libcurl info message cache 11 (Closing connection 3)
[2019.03.23-12.48.25:124][182]LogHttp: Warning: Retry exhausted on https://datarouter.ol.epicgames.com/datarouter/api/v1/public/data?SessionID=%7B311BC3DD-4720-FC92-ABB3-7AAD1DDF8C6B%7D&AppID=UEEditor.Rocket.Release&AppVersion=4.21.2-4753647%2B%2B%2BUE4%2BRelease-4.21&UserID=3ad2e48449e2751c890ba2aebc3604db%7C4f4b9ceda21e4cf7ac959fc8fb4f2276%7Ce1cb242b-2e36-4c21-9077-a5c87dc046e8&AppEnvironment=datacollector-binary&UploadType=eteventstream
[2019.03.23-12.50.08:731][ 10]LogSlate: Window 'Add C++ Class' being destroyed
[2019.03.23-12.50.09:513][ 65]LogEditorViewport: Clicking on Actor (LMB): StaticMeshActor (Floor)
[2019.03.23-12.50.25:207][ 58]LogHttp: Warning: 0000018AA8AA6200: request failed, libcurl error: 35 (SSL connect error)
[2019.03.23-12.50.25:208][ 58]LogHttp: Warning: 0000018AA8AA6200: libcurl info message cache 0 (Hostname in DNS cache was stale, zapped)
[2019.03.23-12.50.25:208][ 58]LogHttp: Warning: 0000018AA8AA6200: libcurl info message cache 1 (  Trying 52.1.97.25...)
[2019.03.23-12.50.25:208][ 58]LogHttp: Warning: 0000018AA8AA6200: libcurl info message cache 2 (TCP_NODELAY set)
[2019.03.23-12.50.25:208][ 58]LogHttp: Warning: 0000018AA8AA6200: libcurl info message cache 3 (Connected to datarouter.ol.epicgames.com (52.1.97.25) port 443 (#4))
[2019.03.23-12.50.25:209][ 58]LogHttp: Warning: 0000018AA8AA6200: libcurl info message cache 4 (ALPN, offering http/1.1)
[2019.03.23-12.50.25:209][ 58]LogHttp: Warning: 0000018AA8AA6200: libcurl info message cache 5 (Cipher selection: ALL:!EXPORT:!EXPORT40:!EXPORT56:!aNULL:!LOW:!RC4:@STRENGTH)
[2019.03.23-12.50.25:209][ 58]LogHttp: Warning: 0000018AA8AA6200: libcurl info message cache 6 (SSL re-using session ID)
[2019.03.23-12.50.25:209][ 58]LogHttp: Warning: 0000018AA8AA6200: libcurl info message cache 7 (TLSv1.2 (OUT), TLS handshake, Client hello (1):)
[2019.03.23-12.50.25:209][ 58]LogHttp: Warning: 0000018AA8AA6200: libcurl info message cache 8 (OpenSSL SSL_connect: SSL_ERROR_SYSCALL in connection to datarouter.ol.epicgames.com:443 )
[2019.03.23-12.50.25:209][ 58]LogHttp: Warning: 0000018AA8AA6200: libcurl info message cache 9 (Closing connection 4)
[2019.03.23-12.50.25:210][ 58]LogHttp: Warning: Retry exhausted on https://datarouter.ol.epicgames.com/datarouter/api/v1/public/data?SessionID=%7B311BC3DD-4720-FC92-ABB3-7AAD1DDF8C6B%7D&AppID=UEEditor.Rocket.Release&AppVersion=4.21.2-4753647%2B%2B%2BUE4%2BRelease-4.21&UserID=3ad2e48449e2751c890ba2aebc3604db%7C4f4b9ceda21e4cf7ac959fc8fb4f2276%7Ce1cb242b-2e36-4c21-9077-a5c87dc046e8&AppEnvironment=datacollector-binary&UploadType=eteventstream
[2019.03.23-12.50.45:808][335]LogEditorViewport: Clicking on Actor (LMB): SphereReflectionCapture (SphereReflectionCapture)
[2019.03.23-12.50.52:997][718]LogSlate: FSceneViewport::OnFocusLost() reason 2
[2019.03.23-12.51.15:138][145]LogEditorViewport: Clicking on Actor (context menu): SphereReflectionCapture (SphereReflectionCapture)
[2019.03.23-12.51.15:224][145]LogSlate: FSceneViewport::OnFocusLost() reason 2
[2019.03.23-12.51.17:781][317]LogEditorViewport: Clicking on Actor (LMB): BP_Sky_Sphere_C (Sky Sphere)
[2019.03.23-12.51.19:071][384]LogEditorViewport: Clicking on Actor (LMB): BP_Sky_Sphere_C (Sky Sphere)
[2019.03.23-12.51.38:269][582]LogSlate: FSceneViewport::OnFocusLost() reason 0
[2019.03.23-12.51.45:727][ 35]LogSlate: FSceneViewport::OnFocusLost() reason 0
[2019.03.23-12.51.56:129][688]LogEditorViewport: Clicking on Actor (LMB): SphereReflectionCapture (SphereReflectionCapture)
[2019.03.23-12.52.06:334][319]LogSlate: FSceneViewport::OnFocusLost() reason 2
[2019.03.23-12.52.25:286][582]LogHttp: Warning: 0000018AA8AA4B80: request failed, libcurl error: 35 (SSL connect error)
[2019.03.23-12.52.25:286][582]LogHttp: Warning: 0000018AA8AA4B80: libcurl info message cache 0 (Hostname in DNS cache was stale, zapped)
[2019.03.23-12.52.25:286][582]LogHttp: Warning: 0000018AA8AA4B80: libcurl info message cache 1 (  Trying 52.86.156.38...)
[2019.03.23-12.52.25:286][582]LogHttp: Warning: 0000018AA8AA4B80: libcurl info message cache 2 (TCP_NODELAY set)
[2019.03.23-12.52.25:286][582]LogHttp: Warning: 0000018AA8AA4B80: libcurl info message cache 3 (Connected to datarouter.ol.epicgames.com (52.86.156.38) port 443 (#5))
[2019.03.23-12.52.25:286][582]LogHttp: Warning: 0000018AA8AA4B80: libcurl info message cache 4 (ALPN, offering http/1.1)
[2019.03.23-12.52.25:286][582]LogHttp: Warning: 0000018AA8AA4B80: libcurl info message cache 5 (Cipher selection: ALL:!EXPORT:!EXPORT40:!EXPORT56:!aNULL:!LOW:!RC4:@STRENGTH)
[2019.03.23-12.52.25:286][582]LogHttp: Warning: 0000018AA8AA4B80: libcurl info message cache 6 (SSL re-using session ID)
[2019.03.23-12.52.25:286][582]LogHttp: Warning: 0000018AA8AA4B80: libcurl info message cache 7 (TLSv1.2 (OUT), TLS handshake, Client hello (1):)
[2019.03.23-12.52.25:286][582]LogHttp: Warning: 0000018AA8AA4B80: libcurl info message cache 8 (OpenSSL SSL_connect: SSL_ERROR_SYSCALL in connection to datarouter.ol.epicgames.com:443 )
[2019.03.23-12.52.25:286][582]LogHttp: Warning: 0000018AA8AA4B80: libcurl info message cache 9 (Closing connection 5)
[2019.03.23-12.52.25:286][582]LogHttp: Warning: Retry exhausted on https://datarouter.ol.epicgames.com/datarouter/api/v1/public/data?SessionID=%7B311BC3DD-4720-FC92-ABB3-7AAD1DDF8C6B%7D&AppID=UEEditor.Rocket.Release&AppVersion=4.21.2-4753647%2B%2B%2BUE4%2BRelease-4.21&UserID=3ad2e48449e2751c890ba2aebc3604db%7C4f4b9ceda21e4cf7ac959fc8fb4f2276%7Ce1cb242b-2e36-4c21-9077-a5c87dc046e8&AppEnvironment=datacollector-binary&UploadType=eteventstream
[2019.03.23-12.53.15:500][817]LogSlate: FSceneViewport::OnFocusLost() reason 2
[2019.03.23-12.53.15:720][817]Cmd: OBJ SAVEPACKAGE PACKAGE="/Temp/Untitled_1" FILE="C:/Users/krasn/Documents/Unreal Projects/Elerproject/Saved/Autosaves/Temp/Untitled_1_Auto1.umap" SILENT=true AUTOSAVING=true KEEPDIRTY=false
[2019.03.23-12.53.16:059][817]LogSavePackage: Moving 'C:/Users/krasn/Documents/Unreal Projects/Elerproject/Saved/Untitled_1_Auto13D98D9464C6B33302D01708B2B179C46.tmp' to 'C:/Users/krasn/Documents/Unreal Projects/Elerproject/Saved/Autosaves/Temp/Untitled_1_Auto1.umap'
[2019.03.23-12.53.16:123][817]LogFileHelpers: Editor autosave (incl. sublevels) for '/Temp/Untitled_1' took 0.550
[2019.03.23-12.53.16:123][817]LogFileHelpers: Editor autosave (incl. sublevels) for all levels took 0.550
[2019.03.23-12.53.24:933][322]LogSlate: Window 'Tutorials' being destroyed
[2019.03.23-12.54.12:806][993]LogSlate: FSceneViewport::OnFocusLost() reason 0
[2019.03.23-12.54.25:366][676]LogHttp: Warning: 0000018AC059ED40: request failed, libcurl error: 35 (SSL connect error)
[2019.03.23-12.54.25:366][676]LogHttp: Warning: 0000018AC059ED40: libcurl info message cache 0 (Hostname in DNS cache was stale, zapped)
[2019.03.23-12.54.25:366][676]LogHttp: Warning: 0000018AC059ED40: libcurl info message cache 1 (  Trying 52.71.186.206...)
[2019.03.23-12.54.25:366][676]LogHttp: Warning: 0000018AC059ED40: libcurl info message cache 2 (TCP_NODELAY set)
[2019.03.23-12.54.25:366][676]LogHttp: Warning: 0000018AC059ED40: libcurl info message cache 3 (Connected to datarouter.ol.epicgames.com (52.71.186.206) port 443 (#6))
[2019.03.23-12.54.25:366][676]LogHttp: Warning: 0000018AC059ED40: libcurl info message cache 4 (ALPN, offering http/1.1)
[2019.03.23-12.54.25:366][676]LogHttp: Warning: 0000018AC059ED40: libcurl info message cache 5 (Cipher selection: ALL:!EXPORT:!EXPORT40:!EXPORT56:!aNULL:!LOW:!RC4:@STRENGTH)
[2019.03.23-12.54.25:366][676]LogHttp: Warning: 0000018AC059ED40: libcurl info message cache 6 (SSL re-using session ID)
[2019.03.23-12.54.25:366][676]LogHttp: Warning: 0000018AC059ED40: libcurl info message cache 7 (TLSv1.2 (OUT), TLS handshake, Client hello (1):)
[2019.03.23-12.54.25:366][676]LogHttp: Warning: 0000018AC059ED40: libcurl info message cache 8 (OpenSSL SSL_connect: SSL_ERROR_SYSCALL in connection to datarouter.ol.epicgames.com:443 )
[2019.03.23-12.54.25:366][676]LogHttp: Warning: 0000018AC059ED40: libcurl info message cache 9 (Closing connection 6)
[2019.03.23-12.54.25:366][676]LogHttp: Warning: Retry exhausted on https://datarouter.ol.epicgames.com/datarouter/api/v1/public/data?SessionID=%7B311BC3DD-4720-FC92-ABB3-7AAD1DDF8C6B%7D&AppID=UEEditor.Rocket.Release&AppVersion=4.21.2-4753647%2B%2B%2BUE4%2BRelease-4.21&UserID=3ad2e48449e2751c890ba2aebc3604db%7C4f4b9ceda21e4cf7ac959fc8fb4f2276%7Ce1cb242b-2e36-4c21-9077-a5c87dc046e8&AppEnvironment=datacollector-binary&UploadType=eteventstream
[2019.03.23-12.54.28:665][862]LogUObjectGlobals: Warning: Failed to find object 'Object None.ActorDetails'
[2019.03.23-12.54.50:725][ 61]LogSlate: Window 'Tutorials' being destroyed
[2019.03.23-12.54.50:774][ 61]LogSlate: Window 'Tutorials' being destroyed
[2019.03.23-12.54.53:094][187]LogUObjectGlobals: Warning: Failed to find object 'Object None.EditorViewports'
[2019.03.23-12.55.20:996][735]LogSlate: Window 'Tutorials' being destroyed
[2019.03.23-12.55.21:011][735]LogSlate: Window 'Tutorials' being destroyed
[2019.03.23-12.56.25:461][932]LogHttp: Warning: 0000018AC059FEC0: request failed, libcurl error: 35 (SSL connect error)
[2019.03.23-12.56.25:461][932]LogHttp: Warning: 0000018AC059FEC0: libcurl info message cache 0 (Hostname in DNS cache was stale, zapped)
[2019.03.23-12.56.25:461][932]LogHttp: Warning: 0000018AC059FEC0: libcurl info message cache 1 (  Trying 52.200.81.49...)
[2019.03.23-12.56.25:462][932]LogHttp: Warning: 0000018AC059FEC0: libcurl info message cache 2 (TCP_NODELAY set)
[2019.03.23-12.56.25:462][932]LogHttp: Warning: 0000018AC059FEC0: libcurl info message cache 3 (Connected to datarouter.ol.epicgames.com (52.200.81.49) port 443 (#7))
[2019.03.23-12.56.25:462][932]LogHttp: Warning: 0000018AC059FEC0: libcurl info message cache 4 (ALPN, offering http/1.1)
[2019.03.23-12.56.25:462][932]LogHttp: Warning: 0000018AC059FEC0: libcurl info message cache 5 (Cipher selection: ALL:!EXPORT:!EXPORT40:!EXPORT56:!aNULL:!LOW:!RC4:@STRENGTH)
[2019.03.23-12.56.25:463][932]LogHttp: Warning: 0000018AC059FEC0: libcurl info message cache 6 (SSL re-using session ID)
[2019.03.23-12.56.25:463][932]LogHttp: Warning: 0000018AC059FEC0: libcurl info message cache 7 (TLSv1.2 (OUT), TLS handshake, Client hello (1):)
[2019.03.23-12.56.25:463][932]LogHttp: Warning: 0000018AC059FEC0: libcurl info message cache 8 (OpenSSL SSL_connect: SSL_ERROR_SYSCALL in connection to datarouter.ol.epicgames.com:443 )
[2019.03.23-12.56.25:463][932]LogHttp: Warning: 0000018AC059FEC0: libcurl info message cache 9 (Closing connection 7)
[2019.03.23-12.56.25:463][932]LogHttp: Warning: Retry exhausted on https://datarouter.ol.epicgames.com/datarouter/api/v1/public/data?SessionID=%7B311BC3DD-4720-FC92-ABB3-7AAD1DDF8C6B%7D&AppID=UEEditor.Rocket.Release&AppVersion=4.21.2-4753647%2B%2B%2BUE4%2BRelease-4.21&UserID=3ad2e48449e2751c890ba2aebc3604db%7C4f4b9ceda21e4cf7ac959fc8fb4f2276%7Ce1cb242b-2e36-4c21-9077-a5c87dc046e8&AppEnvironment=datacollector-binary&UploadType=eteventstream
[2019.03.23-12.56.58:442][ 61]LogEditorViewport: Clicking on Actor (LMB): StaticMeshActor (Floor)
[2019.03.23-12.57.56:767][341]LogEditorViewport: Clicking on Actor (LMB): SphereReflectionCapture (SphereReflectionCapture)
[2019.03.23-12.58.03:466][716]LogSlate: FSceneViewport::OnFocusLost() reason 0
[2019.03.23-12.58.25:538][ 31]LogHttp: Warning: 0000018AAB2AE340: request failed, libcurl error: 35 (SSL connect error)
[2019.03.23-12.58.25:539][ 31]LogHttp: Warning: 0000018AAB2AE340: libcurl info message cache 0 (Hostname in DNS cache was stale, zapped)
[2019.03.23-12.58.25:539][ 31]LogHttp: Warning: 0000018AAB2AE340: libcurl info message cache 1 (  Trying 50.17.106.84...)
[2019.03.23-12.58.25:539][ 31]LogHttp: Warning: 0000018AAB2AE340: libcurl info message cache 2 (TCP_NODELAY set)
[2019.03.23-12.58.25:539][ 31]LogHttp: Warning: 0000018AAB2AE340: libcurl info message cache 3 (Connected to datarouter.ol.epicgames.com (50.17.106.84) port 443 (#8))
[2019.03.23-12.58.25:539][ 31]LogHttp: Warning: 0000018AAB2AE340: libcurl info message cache 4 (ALPN, offering http/1.1)
[2019.03.23-12.58.25:539][ 31]LogHttp: Warning: 0000018AAB2AE340: libcurl info message cache 5 (Cipher selection: ALL:!EXPORT:!EXPORT40:!EXPORT56:!aNULL:!LOW:!RC4:@STRENGTH)
[2019.03.23-12.58.25:539][ 31]LogHttp: Warning: 0000018AAB2AE340: libcurl info message cache 6 (SSL re-using session ID)
[2019.03.23-12.58.25:539][ 31]LogHttp: Warning: 0000018AAB2AE340: libcurl info message cache 7 (TLSv1.2 (OUT), TLS handshake, Client hello (1):)
[2019.03.23-12.58.25:539][ 31]LogHttp: Warning: 0000018AAB2AE340: libcurl info message cache 8 (OpenSSL SSL_connect: SSL_ERROR_SYSCALL in connection to datarouter.ol.epicgames.com:443 )
[2019.03.23-12.58.25:539][ 31]LogHttp: Warning: 0000018AAB2AE340: libcurl info message cache 9 (Closing connection 8)
[2019.03.23-12.58.25:553][ 32]LogHttp: Warning: Retry exhausted on https://datarouter.ol.epicgames.com/datarouter/api/v1/public/data?SessionID=%7B311BC3DD-4720-FC92-ABB3-7AAD1DDF8C6B%7D&AppID=UEEditor.Rocket.Release&AppVersion=4.21.2-4753647%2B%2B%2BUE4%2BRelease-4.21&UserID=3ad2e48449e2751c890ba2aebc3604db%7C4f4b9ceda21e4cf7ac959fc8fb4f2276%7Ce1cb242b-2e36-4c21-9077-a5c87dc046e8&AppEnvironment=datacollector-binary&UploadType=eteventstream
[2019.03.23-12.58.26:662][104]LogSlate: FSceneViewport::OnFocusLost() reason 0
[2019.03.23-12.58.39:262][871]LogEditorViewport: Clicking on Actor (LMB): StaticMeshActor (Floor)
[2019.03.23-12.58.44:343][178]LogEditorViewport: Clicking on Actor (LMB): StaticMeshActor (Floor)
[2019.03.23-12.58.47:224][339]LogEditorViewport: Clicking on Actor (LMB): StaticMeshActor (Floor)
[2019.03.23-12.58.48:134][386]LogSlate: FSceneViewport::OnFocusLost() reason 2
[2019.03.23-12.59.18:414][625]LogSlate: FSceneViewport::OnFocusLost() reason 0
[2019.03.23-13.00.18:845][307]LogWindows: LaunchURL http://docs.unrealengine.com/latest/RUS/Gameplay/Framework/Camera/index.html?utm_source=editor&utm_medium=docs&utm_campaign=doc_anchors
[2019.03.23-13.00.26:122][353]LogHttp: Warning: 0000018AA8AA7C40: request failed, libcurl error: 35 (SSL connect error)
[2019.03.23-13.00.26:122][353]LogHttp: Warning: 0000018AA8AA7C40: libcurl info message cache 0 (Hostname in DNS cache was stale, zapped)
[2019.03.23-13.00.26:122][353]LogHttp: Warning: 0000018AA8AA7C40: libcurl info message cache 1 (  Trying 52.2.49.65...)
[2019.03.23-13.00.26:122][353]LogHttp: Warning: 0000018AA8AA7C40: libcurl info message cache 2 (TCP_NODELAY set)
[2019.03.23-13.00.26:122][353]LogHttp: Warning: 0000018AA8AA7C40: libcurl info message cache 3 (Connected to datarouter.ol.epicgames.com (52.2.49.65) port 443 (#9))
[2019.03.23-13.00.26:122][353]LogHttp: Warning: 0000018AA8AA7C40: libcurl info message cache 4 (ALPN, offering http/1.1)
[2019.03.23-13.00.26:122][353]LogHttp: Warning: 0000018AA8AA7C40: libcurl info message cache 5 (Cipher selection: ALL:!EXPORT:!EXPORT40:!EXPORT56:!aNULL:!LOW:!RC4:@STRENGTH)
[2019.03.23-13.00.26:122][353]LogHttp: Warning: 0000018AA8AA7C40: libcurl info message cache 6 (SSL re-using session ID)
[2019.03.23-13.00.26:122][353]LogHttp: Warning: 0000018AA8AA7C40: libcurl info message cache 7 (TLSv1.2 (OUT), TLS handshake, Client hello (1):)
[2019.03.23-13.00.26:122][353]LogHttp: Warning: 0000018AA8AA7C40: libcurl info message cache 8 (OpenSSL SSL_connect: SSL_ERROR_SYSCALL in connection to datarouter.ol.epicgames.com:443 )
[2019.03.23-13.00.26:123][353]LogHttp: Warning: 0000018AA8AA7C40: libcurl info message cache 9 (Closing connection 9)
[2019.03.23-13.00.26:402][354]LogHttp: Warning: Retry exhausted on https://datarouter.ol.epicgames.com/datarouter/api/v1/public/data?SessionID=%7B311BC3DD-4720-FC92-ABB3-7AAD1DDF8C6B%7D&AppID=UEEditor.Rocket.Release&AppVersion=4.21.2-4753647%2B%2B%2BUE4%2BRelease-4.21&UserID=3ad2e48449e2751c890ba2aebc3604db%7C4f4b9ceda21e4cf7ac959fc8fb4f2276%7Ce1cb242b-2e36-4c21-9077-a5c87dc046e8&AppEnvironment=datacollector-binary&UploadType=eteventstream
[2019.03.23-13.00.36:978][931]LogSlate: FSceneViewport::OnFocusLost() reason 0
[2019.03.23-13.00.39:544][ 89]LogMaterial: Display: Missing cached shader map for material LayerVisMaterial, compiling. 
[2019.03.23-13.00.39:901][ 89]LogShaderCompilers: Display: Shaders left to compile 8
[2019.03.23-13.00.39:901][ 89]LogMaterial: Display: Missing cached shader map for material SelectBrushMaterial, compiling. 
[2019.03.23-13.00.40:035][ 89]LogMaterial: Display: Missing cached shader map for material SelectBrushMaterial, compiling. 
[2019.03.23-13.00.40:268][ 89]LogMaterial: Display: Missing cached shader map for material MaskBrushMaterial, compiling. 
[2019.03.23-13.00.40:948][ 89]LogShaderCompilers: Display: Shaders left to compile 60
[2019.03.23-13.00.40:949][ 89]LogShaderCompilers: Display: Shaders left to compile 50
[2019.03.23-13.00.40:949][ 89]LogMaterial: Display: Missing cached shader map for material LandscapeLayerUsageMaterial, compiling. 
[2019.03.23-13.00.41:910][ 89]LogMaterial: Display: Missing cached shader map for material CircleBrushMaterial, compiling. 
[2019.03.23-13.00.41:961][ 89]LogMaterial: Display: Missing cached shader map for material CircleBrushMaterial, compiling. 
[2019.03.23-13.00.42:042][ 89]LogMaterial: Display: Missing cached shader map for material CircleBrushMaterial, compiling. 
[2019.03.23-13.00.42:141][ 89]LogMaterial: Display: Missing cached shader map for material CircleBrushMaterial, compiling. 
[2019.03.23-13.00.42:265][ 89]LogMaterial: Display: Missing cached shader map for material AlphaBrushMaterial, compiling. 
[2019.03.23-13.00.42:378][ 89]LogMaterial: Display: Missing cached shader map for material CircleBrushMaterial, compiling. 
[2019.03.23-13.00.42:456][ 89]LogMaterial: Display: Missing cached shader map for material MaskBrushMaterial, compiling. 
[2019.03.23-13.00.42:765][ 89]LogTexture: Display: Building textures: Texture2D_2 (G8, 128X128)
[2019.03.23-13.00.43:613][ 89]LogActorComponent: UnregisterComponent: (/Engine/Transient.SphereBrushComponent) Not registered. Aborting.
[2019.03.23-13.01.08:730][281]LogSlate: FSceneViewport::OnFocusLost() reason 0
[2019.03.23-13.01.11:473][422]LogEditorViewport: Clicking on Actor (LMB): StaticMeshActor (Floor)
[2019.03.23-13.01.14:736][582]LogSlate: FSceneViewport::OnFocusLost() reason 0
[2019.03.23-13.01.20:719][880]Cmd: TRANSACTION UNDO
[2019.03.23-13.01.20:719][880]LogEditorTransaction: Undo Clicking on Actors
[2019.03.23-13.01.21:257][897]Cmd: TRANSACTION UNDO
[2019.03.23-13.01.21:257][897]LogEditorTransaction: Undo Vertex Paint
[2019.03.23-13.01.21:489][903]Cmd: TRANSACTION UNDO
[2019.03.23-13.01.21:489][903]LogEditorTransaction: Undo Vertex Paint
[2019.03.23-13.01.21:719][916]Cmd: TRANSACTION UNDO
[2019.03.23-13.01.21:720][916]LogEditorTransaction: Undo Clicking on Actors
[2019.03.23-13.01.21:921][919]Cmd: TRANSACTION UNDO
[2019.03.23-13.01.21:921][919]LogEditorTransaction: Undo Clicking on Actors
[2019.03.23-13.01.22:127][929]Cmd: TRANSACTION UNDO
[2019.03.23-13.01.22:127][929]LogEditorTransaction: Undo Clicking on Actors
[2019.03.23-13.01.22:354][936]Cmd: TRANSACTION UNDO
[2019.03.23-13.01.22:354][936]LogEditorTransaction: Undo Clicking on Actors
[2019.03.23-13.01.22:620][943]Cmd: TRANSACTION UNDO
[2019.03.23-13.01.22:620][943]LogEditorTransaction: Undo Clicking on Actors
[2019.03.23-13.01.23:012][959]Cmd: TRANSACTION UNDO
[2019.03.23-13.01.23:012][959]LogEditorTransaction: Undo Clicking on Actors
[2019.03.23-13.01.24:246][ 15]Cmd: TRANSACTION UNDO
[2019.03.23-13.01.24:246][ 15]LogEditorTransaction: Undo Clicking on Actors
[2019.03.23-13.01.31:126][338]Cmd: TRANSACTION UNDO
[2019.03.23-13.01.31:126][338]LogEditorTransaction: Undo Clicking on Actors
[2019.03.23-13.01.31:668][357]Cmd: TRANSACTION UNDO
[2019.03.23-13.01.31:668][357]LogEditorTransaction: Undo Clicking on Actors
[2019.03.23-13.01.32:190][379]Cmd: TRANSACTION UNDO
[2019.03.23-13.01.32:190][379]LogEditorTransaction: Undo Clicking on Actors (context menu)
[2019.03.23-13.01.34:055][469]Cmd: TRANSACTION UNDO
[2019.03.23-13.01.34:055][469]LogEditorTransaction: Undo Clicking on Actors
[2019.03.23-13.01.35:636][539]Cmd: TRANSACTION UNDO
[2019.03.23-13.01.35:636][539]LogEditorTransaction: Undo Snap Actors To Floor
[2019.03.23-13.01.36:783][589]LogSlate: FSceneViewport::OnFocusLost() reason 0
[2019.03.23-13.02.26:501][137]LogHttp: Warning: 0000018AC0730A40: request failed, libcurl error: 35 (SSL connect error)
[2019.03.23-13.02.26:501][137]LogHttp: Warning: 0000018AC0730A40: libcurl info message cache 0 (Hostname in DNS cache was stale, zapped)
[2019.03.23-13.02.26:501][137]LogHttp: Warning: 0000018AC0730A40: libcurl info message cache 1 (  Trying 52.1.97.25...)
[2019.03.23-13.02.26:501][137]LogHttp: Warning: 0000018AC0730A40: libcurl info message cache 2 (TCP_NODELAY set)
[2019.03.23-13.02.26:502][137]LogHttp: Warning: 0000018AC0730A40: libcurl info message cache 3 (Connected to datarouter.ol.epicgames.com (52.1.97.25) port 443 (#10))
[2019.03.23-13.02.26:502][137]LogHttp: Warning: 0000018AC0730A40: libcurl info message cache 4 (ALPN, offering http/1.1)
[2019.03.23-13.02.26:502][137]LogHttp: Warning: 0000018AC0730A40: libcurl info message cache 5 (Cipher selection: ALL:!EXPORT:!EXPORT40:!EXPORT56:!aNULL:!LOW:!RC4:@STRENGTH)
[2019.03.23-13.02.26:502][137]LogHttp: Warning: 0000018AC0730A40: libcurl info message cache 6 (SSL re-using session ID)
[2019.03.23-13.02.26:502][137]LogHttp: Warning: 0000018AC0730A40: libcurl info message cache 7 (TLSv1.2 (OUT), TLS handshake, Client hello (1):)
[2019.03.23-13.02.26:502][137]LogHttp: Warning: 0000018AC0730A40: libcurl info message cache 8 (OpenSSL SSL_connect: SSL_ERROR_SYSCALL in connection to datarouter.ol.epicgames.com:443 )
[2019.03.23-13.02.26:502][137]LogHttp: Warning: 0000018AC0730A40: libcurl info message cache 9 (Closing connection 10)
[2019.03.23-13.02.26:517][138]LogHttp: Warning: Retry exhausted on https://datarouter.ol.epicgames.com/datarouter/api/v1/public/data?SessionID=%7B311BC3DD-4720-FC92-ABB3-7AAD1DDF8C6B%7D&AppID=UEEditor.Rocket.Release&AppVersion=4.21.2-4753647%2B%2B%2BUE4%2BRelease-4.21&UserID=3ad2e48449e2751c890ba2aebc3604db%7C4f4b9ceda21e4cf7ac959fc8fb4f2276%7Ce1cb242b-2e36-4c21-9077-a5c87dc046e8&AppEnvironment=datacollector-binary&UploadType=eteventstream
[2019.03.23-13.03.40:868][ 34]LogSlate: FSceneViewport::OnFocusLost() reason 0
[2019.03.23-13.03.51:658][592]LogShaderCompilers: Display: Shaders left to compile 188
[2019.03.23-13.04.26:626][421]LogHttp: Warning: 0000018AC0731580: request failed, libcurl error: 35 (SSL connect error)
[2019.03.23-13.04.26:626][421]LogHttp: Warning: 0000018AC0731580: libcurl info message cache 0 (Hostname in DNS cache was stale, zapped)
[2019.03.23-13.04.26:626][421]LogHttp: Warning: 0000018AC0731580: libcurl info message cache 1 (  Trying 18.214.253.233...)
[2019.03.23-13.04.26:626][421]LogHttp: Warning: 0000018AC0731580: libcurl info message cache 2 (TCP_NODELAY set)
[2019.03.23-13.04.26:626][421]LogHttp: Warning: 0000018AC0731580: libcurl info message cache 3 (Connected to datarouter.ol.epicgames.com (18.214.253.233) port 443 (#11))
[2019.03.23-13.04.26:626][421]LogHttp: Warning: 0000018AC0731580: libcurl info message cache 4 (ALPN, offering http/1.1)
[2019.03.23-13.04.26:626][421]LogHttp: Warning: 0000018AC0731580: libcurl info message cache 5 (Cipher selection: ALL:!EXPORT:!EXPORT40:!EXPORT56:!aNULL:!LOW:!RC4:@STRENGTH)
[2019.03.23-13.04.26:626][421]LogHttp: Warning: 0000018AC0731580: libcurl info message cache 6 (SSL re-using session ID)
[2019.03.23-13.04.26:626][421]LogHttp: Warning: 0000018AC0731580: libcurl info message cache 7 (TLSv1.2 (OUT), TLS handshake, Client hello (1):)
[2019.03.23-13.04.26:626][421]LogHttp: Warning: 0000018AC0731580: libcurl info message cache 8 (OpenSSL SSL_connect: SSL_ERROR_SYSCALL in connection to datarouter.ol.epicgames.com:443 )
[2019.03.23-13.04.26:626][421]LogHttp: Warning: 0000018AC0731580: libcurl info message cache 9 (Closing connection 11)
[2019.03.23-13.04.26:644][422]LogHttp: Warning: Retry exhausted on https://datarouter.ol.epicgames.com/datarouter/api/v1/public/data?SessionID=%7B311BC3DD-4720-FC92-ABB3-7AAD1DDF8C6B%7D&AppID=UEEditor.Rocket.Release&AppVersion=4.21.2-4753647%2B%2B%2BUE4%2BRelease-4.21&UserID=3ad2e48449e2751c890ba2aebc3604db%7C4f4b9ceda21e4cf7ac959fc8fb4f2276%7Ce1cb242b-2e36-4c21-9077-a5c87dc046e8&AppEnvironment=datacollector-binary&UploadType=eteventstream
[2019.03.23-13.05.03:732][370]LogShaderCompilers: Display: Shaders left to compile 178
[2019.03.23-13.05.08:284][610]LogShaderCompilers: Display: Shaders left to compile 168
[2019.03.23-13.06.26:728][730]LogHttp: Warning: 0000018AC0733D80: request failed, libcurl error: 35 (SSL connect error)
[2019.03.23-13.06.26:728][730]LogHttp: Warning: 0000018AC0733D80: libcurl info message cache 0 (Hostname in DNS cache was stale, zapped)
[2019.03.23-13.06.26:728][730]LogHttp: Warning: 0000018AC0733D80: libcurl info message cache 1 (  Trying 34.194.135.124...)
[2019.03.23-13.06.26:728][730]LogHttp: Warning: 0000018AC0733D80: libcurl info message cache 2 (TCP_NODELAY set)
[2019.03.23-13.06.26:728][730]LogHttp: Warning: 0000018AC0733D80: libcurl info message cache 3 (Connected to datarouter.ol.epicgames.com (34.194.135.124) port 443 (#12))
[2019.03.23-13.06.26:728][730]LogHttp: Warning: 0000018AC0733D80: libcurl info message cache 4 (ALPN, offering http/1.1)
[2019.03.23-13.06.26:728][730]LogHttp: Warning: 0000018AC0733D80: libcurl info message cache 5 (Cipher selection: ALL:!EXPORT:!EXPORT40:!EXPORT56:!aNULL:!LOW:!RC4:@STRENGTH)
[2019.03.23-13.06.26:728][730]LogHttp: Warning: 0000018AC0733D80: libcurl info message cache 6 (SSL re-using session ID)
[2019.03.23-13.06.26:728][730]LogHttp: Warning: 0000018AC0733D80: libcurl info message cache 7 (TLSv1.2 (OUT), TLS handshake, Client hello (1):)
[2019.03.23-13.06.26:728][730]LogHttp: Warning: 0000018AC0733D80: libcurl info message cache 8 (OpenSSL SSL_connect: SSL_ERROR_SYSCALL in connection to datarouter.ol.epicgames.com:443 )
[2019.03.23-13.06.26:728][730]LogHttp: Warning: 0000018AC0733D80: libcurl info message cache 9 (Closing connection 12)
[2019.03.23-13.06.26:728][730]LogHttp: Warning: Retry exhausted on https://datarouter.ol.epicgames.com/datarouter/api/v1/public/data?SessionID=%7B311BC3DD-4720-FC92-ABB3-7AAD1DDF8C6B%7D&AppID=UEEditor.Rocket.Release&AppVersion=4.21.2-4753647%2B%2B%2BUE4%2BRelease-4.21&UserID=3ad2e48449e2751c890ba2aebc3604db%7C4f4b9ceda21e4cf7ac959fc8fb4f2276%7Ce1cb242b-2e36-4c21-9077-a5c87dc046e8&AppEnvironment=datacollector-binary&UploadType=eteventstream
[2019.03.23-13.06.57:554][264]LogShaderCompilers: Display: Shaders left to compile 158
[2019.03.23-13.07.07:657][606]LogShaderCompilers: Display: Shaders left to compile 148
[2019.03.23-13.07.09:050][665]LogSlate: FSceneViewport::OnFocusLost() reason 0
[2019.03.23-13.07.30:417][638]LogEditorViewport: Clicking on Actor (LMB): BP_Sky_Sphere_C (Sky Sphere)
[2019.03.23-13.07.32:187][710]LogEditorViewport: Clicking on Actor (LMB): CameraActor (CameraActor)
[2019.03.23-13.07.32:331][710]LogShaderCompilers: Display: Shaders left to compile 138
[2019.03.23-13.07.34:845][820]LogSlate: FSceneViewport::OnFocusLost() reason 0
[2019.03.23-13.07.42:862][190]LogSlate: FSceneViewport::OnFocusLost() reason 0
[2019.03.23-13.07.52:527][639]LogEditorViewport: Clicking on Actor (LMB): CameraActor (CameraActor)
[2019.03.23-13.07.53:387][676]LogEditorViewport: Clicking on Actor (LMB): CameraActor (CameraActor)
[2019.03.23-13.08.22:206][991]LogEditorViewport: Clicking on Actor (LMB): StaticMeshActor (Floor)
[2019.03.23-13.08.26:804][216]LogHttp: Warning: 0000018ADC6EE980: request failed, libcurl error: 35 (SSL connect error)
[2019.03.23-13.08.26:804][216]LogHttp: Warning: 0000018ADC6EE980: libcurl info message cache 0 (Hostname in DNS cache was stale, zapped)
[2019.03.23-13.08.26:804][216]LogHttp: Warning: 0000018ADC6EE980: libcurl info message cache 1 (  Trying 52.54.45.143...)
[2019.03.23-13.08.26:804][216]LogHttp: Warning: 0000018ADC6EE980: libcurl info message cache 2 (TCP_NODELAY set)
[2019.03.23-13.08.26:804][216]LogHttp: Warning: 0000018ADC6EE980: libcurl info message cache 3 (Connected to datarouter.ol.epicgames.com (52.54.45.143) port 443 (#13))
[2019.03.23-13.08.26:804][216]LogHttp: Warning: 0000018ADC6EE980: libcurl info message cache 4 (ALPN, offering http/1.1)
[2019.03.23-13.08.26:804][216]LogHttp: Warning: 0000018ADC6EE980: libcurl info message cache 5 (Cipher selection: ALL:!EXPORT:!EXPORT40:!EXPORT56:!aNULL:!LOW:!RC4:@STRENGTH)
[2019.03.23-13.08.26:804][216]LogHttp: Warning: 0000018ADC6EE980: libcurl info message cache 6 (SSL re-using session ID)
[2019.03.23-13.08.26:804][216]LogHttp: Warning: 0000018ADC6EE980: libcurl info message cache 7 (TLSv1.2 (OUT), TLS handshake, Client hello (1):)
[2019.03.23-13.08.26:804][216]LogHttp: Warning: 0000018ADC6EE980: libcurl info message cache 8 (OpenSSL SSL_connect: SSL_ERROR_SYSCALL in connection to datarouter.ol.epicgames.com:443 )
[2019.03.23-13.08.26:804][216]LogHttp: Warning: 0000018ADC6EE980: libcurl info message cache 9 (Closing connection 13)
[2019.03.23-13.08.26:805][216]LogHttp: Warning: Retry exhausted on https://datarouter.ol.epicgames.com/datarouter/api/v1/public/data?SessionID=%7B311BC3DD-4720-FC92-ABB3-7AAD1DDF8C6B%7D&AppID=UEEditor.Rocket.Release&AppVersion=4.21.2-4753647%2B%2B%2BUE4%2BRelease-4.21&UserID=3ad2e48449e2751c890ba2aebc3604db%7C4f4b9ceda21e4cf7ac959fc8fb4f2276%7Ce1cb242b-2e36-4c21-9077-a5c87dc046e8&AppEnvironment=datacollector-binary&UploadType=eteventstream
[2019.03.23-13.08.27:642][245]LogEditorViewport: Clicking on Actor (LMB): CameraActor (CameraActor)
[2019.03.23-13.10.16:676][382]LogShaderCompilers: Display: Shaders left to compile 128
[2019.03.23-13.10.21:079][410]LogShaderCompilers: Display: Shaders left to compile 118
[2019.03.23-13.10.27:684][427]LogHttp: Warning: 0000018A9ECF0F40: request failed, libcurl error: 35 (SSL connect error)
[2019.03.23-13.10.27:684][427]LogHttp: Warning: 0000018A9ECF0F40: libcurl info message cache 0 (Hostname in DNS cache was stale, zapped)
[2019.03.23-13.10.27:684][427]LogHttp: Warning: 0000018A9ECF0F40: libcurl info message cache 1 (  Trying 18.235.124.39...)
[2019.03.23-13.10.27:684][427]LogHttp: Warning: 0000018A9ECF0F40: libcurl info message cache 2 (TCP_NODELAY set)
[2019.03.23-13.10.27:684][427]LogHttp: Warning: 0000018A9ECF0F40: libcurl info message cache 3 (Connected to datarouter.ol.epicgames.com (18.235.124.39) port 443 (#14))
[2019.03.23-13.10.27:684][427]LogHttp: Warning: 0000018A9ECF0F40: libcurl info message cache 4 (ALPN, offering http/1.1)
[2019.03.23-13.10.27:685][427]LogHttp: Warning: 0000018A9ECF0F40: libcurl info message cache 5 (Cipher selection: ALL:!EXPORT:!EXPORT40:!EXPORT56:!aNULL:!LOW:!RC4:@STRENGTH)
[2019.03.23-13.10.27:685][427]LogHttp: Warning: 0000018A9ECF0F40: libcurl info message cache 6 (SSL re-using session ID)
[2019.03.23-13.10.27:685][427]LogHttp: Warning: 0000018A9ECF0F40: libcurl info message cache 7 (TLSv1.2 (OUT), TLS handshake, Client hello (1):)
[2019.03.23-13.10.27:685][427]LogHttp: Warning: 0000018A9ECF0F40: libcurl info message cache 8 (OpenSSL SSL_connect: SSL_ERROR_SYSCALL in connection to datarouter.ol.epicgames.com:443 )
[2019.03.23-13.10.27:685][427]LogHttp: Warning: 0000018A9ECF0F40: libcurl info message cache 9 (Closing connection 14)
[2019.03.23-13.10.27:812][428]LogHttp: Warning: Retry exhausted on https://datarouter.ol.epicgames.com/datarouter/api/v1/public/data?SessionID=%7B311BC3DD-4720-FC92-ABB3-7AAD1DDF8C6B%7D&AppID=UEEditor.Rocket.Release&AppVersion=4.21.2-4753647%2B%2B%2BUE4%2BRelease-4.21&UserID=3ad2e48449e2751c890ba2aebc3604db%7C4f4b9ceda21e4cf7ac959fc8fb4f2276%7Ce1cb242b-2e36-4c21-9077-a5c87dc046e8&AppEnvironment=datacollector-binary&UploadType=eteventstream
[2019.03.23-13.10.34:688][464]LogShaderCompilers: Display: Shaders left to compile 108
[2019.03.23-13.10.44:731][581]LogShaderCompilers: Display: Shaders left to compile 98
[2019.03.23-13.10.49:112][622]LogShaderCompilers: Display: Shaders left to compile 88
[2019.03.23-13.11.01:131][676]LogShaderCompilers: Display: Shaders left to compile 78
[2019.03.23-13.11.13:476][784]LogShaderCompilers: Display: Shaders left to compile 68
[2019.03.23-13.11.18:243][837]LogShaderCompilers: Display: Shaders left to compile 58
[2019.03.23-13.11.20:758][876]LogShaderCompilers: Display: Shaders left to compile 48
[2019.03.23-13.11.43:668][982]LogShaderCompilers: Display: Shaders left to compile 38
[2019.03.23-13.11.54:384][ 40]LogShaderCompilers: Display: Shaders left to compile 28
[2019.03.23-13.11.59:251][ 76]LogShaderCompilers: Display: Shaders left to compile 18
[2019.03.23-13.12.14:417][188]LogShaderCompilers: Display: Shaders left to compile 8
[2019.03.23-13.12.27:911][318]LogHttp: Warning: 0000018ADC6EEFC0: request failed, libcurl error: 6 (Couldn't resolve host name)
[2019.03.23-13.12.27:911][318]LogHttp: Warning: 0000018ADC6EEFC0: libcurl info message cache 0 (Hostname in DNS cache was stale, zapped)
[2019.03.23-13.12.27:911][318]LogHttp: Warning: 0000018ADC6EEFC0: libcurl info message cache 1 (Could not resolve host: datarouter.ol.epicgames.com)
[2019.03.23-13.12.27:911][318]LogHttp: Warning: 0000018ADC6EEFC0: libcurl info message cache 2 (Closing connection 15)
[2019.03.23-13.12.27:911][318]LogHttp: Warning: Retry exhausted on https://datarouter.ol.epicgames.com/datarouter/api/v1/public/data?SessionID=%7B311BC3DD-4720-FC92-ABB3-7AAD1DDF8C6B%7D&AppID=UEEditor.Rocket.Release&AppVersion=4.21.2-4753647%2B%2B%2BUE4%2BRelease-4.21&UserID=3ad2e48449e2751c890ba2aebc3604db%7C4f4b9ceda21e4cf7ac959fc8fb4f2276%7Ce1cb242b-2e36-4c21-9077-a5c87dc046e8&AppEnvironment=datacollector-binary&UploadType=eteventstream
[2019.03.23-13.12.44:182][432]Cmd: OBJ SAVEPACKAGE PACKAGE="/Temp/Untitled_1" FILE="C:/Users/krasn/Documents/Unreal Projects/Elerproject/Saved/Autosaves/Temp/Untitled_1_Auto2.umap" SILENT=true AUTOSAVING=true KEEPDIRTY=false
[2019.03.23-13.12.45:823][432]LogSavePackage: Moving 'C:/Users/krasn/Documents/Unreal Projects/Elerproject/Saved/Untitled_1_Auto221F2A0964BB88FC856B76B8D7297C7CE.tmp' to 'C:/Users/krasn/Documents/Unreal Projects/Elerproject/Saved/Autosaves/Temp/Untitled_1_Auto2.umap'
[2019.03.23-13.12.45:923][432]LogFileHelpers: Editor autosave (incl. sublevels) for '/Temp/Untitled_1' took 2.167
[2019.03.23-13.12.45:923][432]LogFileHelpers: Editor autosave (incl. sublevels) for all levels took 2.167
[2019.03.23-13.46.36:049][464]LogSlate: FSceneViewport::OnFocusLost() reason 2
[2019.03.23-14.32.33:427][830]LogHttp: Warning: 0000018AA8BC8540: request failed, libcurl error: 6 (Couldn't resolve host name)
[2019.03.23-14.32.33:464][830]LogHttp: Warning: 0000018AA8BC8540: libcurl info message cache 0 (Connection 50 seems to be dead!)
[2019.03.23-14.32.33:482][830]LogHttp: Warning: 0000018AA8BC8540: libcurl info message cache 1 (Closing connection 50)
[2019.03.23-14.32.33:482][830]LogHttp: Warning: 0000018AA8BC8540: libcurl info message cache 2 (TLSv1.2 (OUT), TLS alert, Client hello (1):)
[2019.03.23-14.32.33:482][830]LogHttp: Warning: 0000018AA8BC8540: libcurl info message cache 3 (Could not resolve host: datarouter.ol.epicgames.com)
[2019.03.23-14.32.33:482][830]LogHttp: Warning: 0000018AA8BC8540: libcurl info message cache 4 (Closing connection 51)
[2019.03.23-14.32.33:482][830]LogHttp: Warning: Retry exhausted on https://datarouter.ol.epicgames.com/datarouter/api/v1/public/data?SessionID=%7B311BC3DD-4720-FC92-ABB3-7AAD1DDF8C6B%7D&AppID=UEEditor.Rocket.Release&AppVersion=4.21.2-4753647%2B%2B%2BUE4%2BRelease-4.21&UserID=3ad2e48449e2751c890ba2aebc3604db%7C4f4b9ceda21e4cf7ac959fc8fb4f2276%7Ce1cb242b-2e36-4c21-9077-a5c87dc046e8&AppEnvironment=datacollector-binary&UploadType=eteventstream
[2019.03.23-14.51.34:087][229]LogSlate: FSceneViewport::OnFocusLost() reason 2
[2019.03.23-14.51.34:573][229]LogWindowsTextInputMethodSystem: Display: IME system now deactivated.
[2019.03.23-14.51.34:573][229]LogWindowsTextInputMethodSystem: Display: IME system now deactivated.
[2019.03.23-14.51.56:694][249]LogSlate: Window 'Save Content' being destroyed
[2019.03.23-14.52.18:322][249]LogSlate: Window 'Save Level As' being destroyed
[2019.03.23-14.52.33:160][249]Cmd: OBJ SAVEPACKAGE PACKAGE="/Game/123" FILE="C:/Users/krasn/Documents/Unreal Projects/Elerproject/Content/123.umap" SILENT=true AUTOSAVING=false KEEPDIRTY=false
[2019.03.23-14.52.34:510][249]LogSavePackage: Moving 'C:/Users/krasn/Documents/Unreal Projects/Elerproject/Saved/1237A9BCC954DE8C73B5C9EAEBBB9FB9F3C.tmp' to 'C:/Users/krasn/Documents/Unreal Projects/Elerproject/Content/123.umap'
[2019.03.23-14.52.36:104][249]LogFileHelpers: Saving map '123' took 17.186
[2019.03.23-14.52.36:825][249]LogSlate: Window 'Elerproject - Unreal Editor' being destroyed
[2019.03.23-14.52.36:870][249]LogWindowsTextInputMethodSystem: Display: IME system now deactivated.
[2019.03.23-14.52.47:746][250]Cmd: QUIT_EDITOR
